have_func: checking for rb_absint_size()... -------------------- no

"clang -o conftest -I/Users/hatajunnosuke/.rbenv/versions/2.7.2/include/ruby-2.7.0/arm64-darwin20 -I/Users/hatajunnosuke/.rbenv/versions/2.7.2/include/ruby-2.7.0/ruby/backward -I/Users/hatajunnosuke/.rbenv/versions/2.7.2/include/ruby-2.7.0 -I. -I/Users/hatajunnosuke/.rbenv/versions/2.7.2/include  -D_XOPEN_SOURCE -D_DARWIN_C_SOURCE -D_DARWIN_UNLIMITED_SELECT -D_REENTRANT   -O3 -ggdb3 -Wall -Wextra -Wdeprecated-declarations -Wdivision-by-zero -Wimplicit-function-declaration -Wimplicit-int -Wmisleading-indentation -Wpointer-arith -Wshorten-64-to-32 -Wwrite-strings -Wmissing-noreturn -Wno-constant-logical-operand -Wno-long-long -Wno-missing-field-initializers -Wno-overlength-strings -Wno-parentheses-equality -Wno-self-assign -Wno-tautological-compare -Wno-unused-parameter -Wno-unused-value -Wunused-variable -Wextra-tokens  -fno-common -pipe conftest.c  -L. -L/Users/hatajunnosuke/.rbenv/versions/2.7.2/lib -L/usr/local/opt/openssl@1.1/lib     -lruby.2.7   "
ld: warning: ignoring file /Users/hatajunnosuke/.rbenv/versions/2.7.2/lib/libruby.2.7.dylib, building for macOS-x86_64 but attempting to link with file built for macOS-arm64
checked program was:
/* begin */
1: #include "ruby.h"
2: 
3: int main(int argc, char **argv)
4: {
5:   return !!argv[argc];
6: }
/* end */

"clang -o conftest -I/Users/hatajunnosuke/.rbenv/versions/2.7.2/include/ruby-2.7.0/arm64-darwin20 -I/Users/hatajunnosuke/.rbenv/versions/2.7.2/include/ruby-2.7.0/ruby/backward -I/Users/hatajunnosuke/.rbenv/versions/2.7.2/include/ruby-2.7.0 -I. -I/Users/hatajunnosuke/.rbenv/versions/2.7.2/include  -D_XOPEN_SOURCE -D_DARWIN_C_SOURCE -D_DARWIN_UNLIMITED_SELECT -D_REENTRANT   -O3 -ggdb3 -Wall -Wextra -Wdeprecated-declarations -Wdivision-by-zero -Wimplicit-function-declaration -Wimplicit-int -Wmisleading-indentation -Wpointer-arith -Wshorten-64-to-32 -Wwrite-strings -Wmissing-noreturn -Wno-constant-logical-operand -Wno-long-long -Wno-missing-field-initializers -Wno-overlength-strings -Wno-parentheses-equality -Wno-self-assign -Wno-tautological-compare -Wno-unused-parameter -Wno-unused-value -Wunused-variable -Wextra-tokens  -fno-common -pipe conftest.c  -L. -L/Users/hatajunnosuke/.rbenv/versions/2.7.2/lib -L/usr/local/opt/openssl@1.1/lib     -lruby.2.7   "
ld: warning: ignoring file /Users/hatajunnosuke/.rbenv/versions/2.7.2/lib/libruby.2.7.dylib, building for macOS-x86_64 but attempting to link with file built for macOS-arm64
Undefined symbols for architecture x86_64:
  "_rb_absint_size", referenced from:
      _t in conftest-90e50d.o
ld: symbol(s) not found for architecture x86_64
clang: error: linker command failed with exit code 1 (use -v to see invocation)
checked program was:
/* begin */
 1: #include "ruby.h"
 2: 
 3: /*top*/
 4: extern int t(void);
 5: int main(int argc, char **argv)
 6: {
 7:   if (argc > 1000000) {
 8:     int (* volatile tp)(void)=(int (*)(void))&t;
 9:     printf("%d", (*tp)());
10:   }
11: 
12:   return !!argv[argc];
13: }
14: int t(void) { void ((*volatile p)()); p = (void ((*)()))rb_absint_size; return !p; }
/* end */

"clang -o conftest -I/Users/hatajunnosuke/.rbenv/versions/2.7.2/include/ruby-2.7.0/arm64-darwin20 -I/Users/hatajunnosuke/.rbenv/versions/2.7.2/include/ruby-2.7.0/ruby/backward -I/Users/hatajunnosuke/.rbenv/versions/2.7.2/include/ruby-2.7.0 -I. -I/Users/hatajunnosuke/.rbenv/versions/2.7.2/include  -D_XOPEN_SOURCE -D_DARWIN_C_SOURCE -D_DARWIN_UNLIMITED_SELECT -D_REENTRANT   -O3 -ggdb3 -Wall -Wextra -Wdeprecated-declarations -Wdivision-by-zero -Wimplicit-function-declaration -Wimplicit-int -Wmisleading-indentation -Wpointer-arith -Wshorten-64-to-32 -Wwrite-strings -Wmissing-noreturn -Wno-constant-logical-operand -Wno-long-long -Wno-missing-field-initializers -Wno-overlength-strings -Wno-parentheses-equality -Wno-self-assign -Wno-tautological-compare -Wno-unused-parameter -Wno-unused-value -Wunused-variable -Wextra-tokens  -fno-common -pipe conftest.c  -L. -L/Users/hatajunnosuke/.rbenv/versions/2.7.2/lib -L/usr/local/opt/openssl@1.1/lib     -lruby.2.7   "
conftest.c:14:13: error: conflicting types for 'rb_absint_size'
extern void rb_absint_size();
            ^
/Users/hatajunnosuke/.rbenv/versions/2.7.2/include/ruby-2.7.0/ruby/intern.h:170:8: note: previous declaration is here
size_t rb_absint_size(VALUE val, int *nlz_bits_ret);
       ^
conftest.c:15:30: error: too few arguments to function call, expected 2, have 0
int t(void) { rb_absint_size(); return 0; }
              ~~~~~~~~~~~~~~ ^
/Users/hatajunnosuke/.rbenv/versions/2.7.2/include/ruby-2.7.0/ruby/intern.h:170:8: note: 'rb_absint_size' declared here
size_t rb_absint_size(VALUE val, int *nlz_bits_ret);
       ^
2 errors generated.
checked program was:
/* begin */
 1: #include "ruby.h"
 2: 
 3: /*top*/
 4: extern int t(void);
 5: int main(int argc, char **argv)
 6: {
 7:   if (argc > 1000000) {
 8:     int (* volatile tp)(void)=(int (*)(void))&t;
 9:     printf("%d", (*tp)());
10:   }
11: 
12:   return !!argv[argc];
13: }
14: extern void rb_absint_size();
15: int t(void) { rb_absint_size(); return 0; }
/* end */

--------------------

have_func: checking for rb_absint_singlebit_p()... -------------------- no

"clang -o conftest -I/Users/hatajunnosuke/.rbenv/versions/2.7.2/include/ruby-2.7.0/arm64-darwin20 -I/Users/hatajunnosuke/.rbenv/versions/2.7.2/include/ruby-2.7.0/ruby/backward -I/Users/hatajunnosuke/.rbenv/versions/2.7.2/include/ruby-2.7.0 -I. -I/Users/hatajunnosuke/.rbenv/versions/2.7.2/include  -D_XOPEN_SOURCE -D_DARWIN_C_SOURCE -D_DARWIN_UNLIMITED_SELECT -D_REENTRANT   -O3 -ggdb3 -Wall -Wextra -Wdeprecated-declarations -Wdivision-by-zero -Wimplicit-function-declaration -Wimplicit-int -Wmisleading-indentation -Wpointer-arith -Wshorten-64-to-32 -Wwrite-strings -Wmissing-noreturn -Wno-constant-logical-operand -Wno-long-long -Wno-missing-field-initializers -Wno-overlength-strings -Wno-parentheses-equality -Wno-self-assign -Wno-tautological-compare -Wno-unused-parameter -Wno-unused-value -Wunused-variable -Wextra-tokens  -fno-common -pipe conftest.c  -L. -L/Users/hatajunnosuke/.rbenv/versions/2.7.2/lib -L/usr/local/opt/openssl@1.1/lib     -lruby.2.7   "
ld: warning: ignoring file /Users/hatajunnosuke/.rbenv/versions/2.7.2/lib/libruby.2.7.dylib, building for macOS-x86_64 but attempting to link with file built for macOS-arm64
Undefined symbols for architecture x86_64:
  "_rb_absint_singlebit_p", referenced from:
      _t in conftest-2af979.o
ld: symbol(s) not found for architecture x86_64
clang: error: linker command failed with exit code 1 (use -v to see invocation)
checked program was:
/* begin */
 1: #include "ruby.h"
 2: 
 3: /*top*/
 4: extern int t(void);
 5: int main(int argc, char **argv)
 6: {
 7:   if (argc > 1000000) {
 8:     int (* volatile tp)(void)=(int (*)(void))&t;
 9:     printf("%d", (*tp)());
10:   }
11: 
12:   return !!argv[argc];
13: }
14: int t(void) { void ((*volatile p)()); p = (void ((*)()))rb_absint_singlebit_p; return !p; }
/* end */

"clang -o conftest -I/Users/hatajunnosuke/.rbenv/versions/2.7.2/include/ruby-2.7.0/arm64-darwin20 -I/Users/hatajunnosuke/.rbenv/versions/2.7.2/include/ruby-2.7.0/ruby/backward -I/Users/hatajunnosuke/.rbenv/versions/2.7.2/include/ruby-2.7.0 -I. -I/Users/hatajunnosuke/.rbenv/versions/2.7.2/include  -D_XOPEN_SOURCE -D_DARWIN_C_SOURCE -D_DARWIN_UNLIMITED_SELECT -D_REENTRANT   -O3 -ggdb3 -Wall -Wextra -Wdeprecated-declarations -Wdivision-by-zero -Wimplicit-function-declaration -Wimplicit-int -Wmisleading-indentation -Wpointer-arith -Wshorten-64-to-32 -Wwrite-strings -Wmissing-noreturn -Wno-constant-logical-operand -Wno-long-long -Wno-missing-field-initializers -Wno-overlength-strings -Wno-parentheses-equality -Wno-self-assign -Wno-tautological-compare -Wno-unused-parameter -Wno-unused-value -Wunused-variable -Wextra-tokens  -fno-common -pipe conftest.c  -L. -L/Users/hatajunnosuke/.rbenv/versions/2.7.2/lib -L/usr/local/opt/openssl@1.1/lib     -lruby.2.7   "
conftest.c:14:13: error: conflicting types for 'rb_absint_singlebit_p'
extern void rb_absint_singlebit_p();
            ^
/Users/hatajunnosuke/.rbenv/versions/2.7.2/include/ruby-2.7.0/ruby/intern.h:172:5: note: previous declaration is here
int rb_absint_singlebit_p(VALUE val);
    ^
conftest.c:15:37: error: too few arguments to function call, single argument 'val' was not specified
int t(void) { rb_absint_singlebit_p(); return 0; }
              ~~~~~~~~~~~~~~~~~~~~~ ^
/Users/hatajunnosuke/.rbenv/versions/2.7.2/include/ruby-2.7.0/ruby/intern.h:172:5: note: 'rb_absint_singlebit_p' declared here
int rb_absint_singlebit_p(VALUE val);
    ^
2 errors generated.
checked program was:
/* begin */
 1: #include "ruby.h"
 2: 
 3: /*top*/
 4: extern int t(void);
 5: int main(int argc, char **argv)
 6: {
 7:   if (argc > 1000000) {
 8:     int (* volatile tp)(void)=(int (*)(void))&t;
 9:     printf("%d", (*tp)());
10:   }
11: 
12:   return !!argv[argc];
13: }
14: extern void rb_absint_singlebit_p();
15: int t(void) { rb_absint_singlebit_p(); return 0; }
/* end */

--------------------

have_header: checking for ruby/thread.h... -------------------- yes

"clang -E -I/Users/hatajunnosuke/.rbenv/versions/2.7.2/include/ruby-2.7.0/arm64-darwin20 -I/Users/hatajunnosuke/.rbenv/versions/2.7.2/include/ruby-2.7.0/ruby/backward -I/Users/hatajunnosuke/.rbenv/versions/2.7.2/include/ruby-2.7.0 -I. -I/Users/hatajunnosuke/.rbenv/versions/2.7.2/include  -D_XOPEN_SOURCE -D_DARWIN_C_SOURCE -D_DARWIN_UNLIMITED_SELECT -D_REENTRANT   -O3 -ggdb3 -Wall -Wextra -Wdeprecated-declarations -Wdivision-by-zero -Wimplicit-function-declaration -Wimplicit-int -Wmisleading-indentation -Wpointer-arith -Wshorten-64-to-32 -Wwrite-strings -Wmissing-noreturn -Wno-constant-logical-operand -Wno-long-long -Wno-missing-field-initializers -Wno-overlength-strings -Wno-parentheses-equality -Wno-self-assign -Wno-tautological-compare -Wno-unused-parameter -Wno-unused-value -Wunused-variable -Wextra-tokens  -fno-common -pipe  conftest.c -o conftest.i"
checked program was:
/* begin */
1: #include "ruby.h"
2: 
3: #include <ruby/thread.h>
/* end */

--------------------

have_func: checking for rb_thread_call_without_gvl() in ruby/thread.h... -------------------- no

"clang -o conftest -I/Users/hatajunnosuke/.rbenv/versions/2.7.2/include/ruby-2.7.0/arm64-darwin20 -I/Users/hatajunnosuke/.rbenv/versions/2.7.2/include/ruby-2.7.0/ruby/backward -I/Users/hatajunnosuke/.rbenv/versions/2.7.2/include/ruby-2.7.0 -I. -I/Users/hatajunnosuke/.rbenv/versions/2.7.2/include  -D_XOPEN_SOURCE -D_DARWIN_C_SOURCE -D_DARWIN_UNLIMITED_SELECT -D_REENTRANT   -O3 -ggdb3 -Wall -Wextra -Wdeprecated-declarations -Wdivision-by-zero -Wimplicit-function-declaration -Wimplicit-int -Wmisleading-indentation -Wpointer-arith -Wshorten-64-to-32 -Wwrite-strings -Wmissing-noreturn -Wno-constant-logical-operand -Wno-long-long -Wno-missing-field-initializers -Wno-overlength-strings -Wno-parentheses-equality -Wno-self-assign -Wno-tautological-compare -Wno-unused-parameter -Wno-unused-value -Wunused-variable -Wextra-tokens  -fno-common -pipe conftest.c  -L. -L/Users/hatajunnosuke/.rbenv/versions/2.7.2/lib -L/usr/local/opt/openssl@1.1/lib     -lruby.2.7   "
ld: warning: ignoring file /Users/hatajunnosuke/.rbenv/versions/2.7.2/lib/libruby.2.7.dylib, building for macOS-x86_64 but attempting to link with file built for macOS-arm64
Undefined symbols for architecture x86_64:
  "_rb_thread_call_without_gvl", referenced from:
      _t in conftest-678cac.o
ld: symbol(s) not found for architecture x86_64
clang: error: linker command failed with exit code 1 (use -v to see invocation)
checked program was:
/* begin */
 1: #include "ruby.h"
 2: 
 3: #include <ruby/thread.h>
 4: 
 5: /*top*/
 6: extern int t(void);
 7: int main(int argc, char **argv)
 8: {
 9:   if (argc > 1000000) {
10:     int (* volatile tp)(void)=(int (*)(void))&t;
11:     printf("%d", (*tp)());
12:   }
13: 
14:   return !!argv[argc];
15: }
16: int t(void) { void ((*volatile p)()); p = (void ((*)()))rb_thread_call_without_gvl; return !p; }
/* end */

"clang -o conftest -I/Users/hatajunnosuke/.rbenv/versions/2.7.2/include/ruby-2.7.0/arm64-darwin20 -I/Users/hatajunnosuke/.rbenv/versions/2.7.2/include/ruby-2.7.0/ruby/backward -I/Users/hatajunnosuke/.rbenv/versions/2.7.2/include/ruby-2.7.0 -I. -I/Users/hatajunnosuke/.rbenv/versions/2.7.2/include  -D_XOPEN_SOURCE -D_DARWIN_C_SOURCE -D_DARWIN_UNLIMITED_SELECT -D_REENTRANT   -O3 -ggdb3 -Wall -Wextra -Wdeprecated-declarations -Wdivision-by-zero -Wimplicit-function-declaration -Wimplicit-int -Wmisleading-indentation -Wpointer-arith -Wshorten-64-to-32 -Wwrite-strings -Wmissing-noreturn -Wno-constant-logical-operand -Wno-long-long -Wno-missing-field-initializers -Wno-overlength-strings -Wno-parentheses-equality -Wno-self-assign -Wno-tautological-compare -Wno-unused-parameter -Wno-unused-value -Wunused-variable -Wextra-tokens  -fno-common -pipe conftest.c  -L. -L/Users/hatajunnosuke/.rbenv/versions/2.7.2/lib -L/usr/local/opt/openssl@1.1/lib     -lruby.2.7   "
conftest.c:16:13: error: conflicting types for 'rb_thread_call_without_gvl'
extern void rb_thread_call_without_gvl();
            ^
/Users/hatajunnosuke/.rbenv/versions/2.7.2/include/ruby-2.7.0/ruby/thread.h:32:7: note: previous declaration is here
void *rb_thread_call_without_gvl(void *(*func)(void *), void *data1,
      ^
conftest.c:17:42: error: too few arguments to function call, expected 4, have 0
int t(void) { rb_thread_call_without_gvl(); return 0; }
              ~~~~~~~~~~~~~~~~~~~~~~~~~~ ^
/Users/hatajunnosuke/.rbenv/versions/2.7.2/include/ruby-2.7.0/ruby/thread.h:32:7: note: 'rb_thread_call_without_gvl' declared here
void *rb_thread_call_without_gvl(void *(*func)(void *), void *data1,
      ^
2 errors generated.
checked program was:
/* begin */
 1: #include "ruby.h"
 2: 
 3: #include <ruby/thread.h>
 4: 
 5: /*top*/
 6: extern int t(void);
 7: int main(int argc, char **argv)
 8: {
 9:   if (argc > 1000000) {
10:     int (* volatile tp)(void)=(int (*)(void))&t;
11:     printf("%d", (*tp)());
12:   }
13: 
14:   return !!argv[argc];
15: }
16: extern void rb_thread_call_without_gvl();
17: int t(void) { rb_thread_call_without_gvl(); return 0; }
/* end */

--------------------

have_func: checking for rb_thread_blocking_region()... -------------------- no

"clang -o conftest -I/Users/hatajunnosuke/.rbenv/versions/2.7.2/include/ruby-2.7.0/arm64-darwin20 -I/Users/hatajunnosuke/.rbenv/versions/2.7.2/include/ruby-2.7.0/ruby/backward -I/Users/hatajunnosuke/.rbenv/versions/2.7.2/include/ruby-2.7.0 -I. -I/Users/hatajunnosuke/.rbenv/versions/2.7.2/include  -D_XOPEN_SOURCE -D_DARWIN_C_SOURCE -D_DARWIN_UNLIMITED_SELECT -D_REENTRANT   -O3 -ggdb3 -Wall -Wextra -Wdeprecated-declarations -Wdivision-by-zero -Wimplicit-function-declaration -Wimplicit-int -Wmisleading-indentation -Wpointer-arith -Wshorten-64-to-32 -Wwrite-strings -Wmissing-noreturn -Wno-constant-logical-operand -Wno-long-long -Wno-missing-field-initializers -Wno-overlength-strings -Wno-parentheses-equality -Wno-self-assign -Wno-tautological-compare -Wno-unused-parameter -Wno-unused-value -Wunused-variable -Wextra-tokens  -fno-common -pipe conftest.c  -L. -L/Users/hatajunnosuke/.rbenv/versions/2.7.2/lib -L/usr/local/opt/openssl@1.1/lib     -lruby.2.7   "
conftest.c:14:57: error: use of undeclared identifier 'rb_thread_blocking_region'
int t(void) { void ((*volatile p)()); p = (void ((*)()))rb_thread_blocking_region; return !p; }
                                                        ^
1 error generated.
checked program was:
/* begin */
 1: #include "ruby.h"
 2: 
 3: /*top*/
 4: extern int t(void);
 5: int main(int argc, char **argv)
 6: {
 7:   if (argc > 1000000) {
 8:     int (* volatile tp)(void)=(int (*)(void))&t;
 9:     printf("%d", (*tp)());
10:   }
11: 
12:   return !!argv[argc];
13: }
14: int t(void) { void ((*volatile p)()); p = (void ((*)()))rb_thread_blocking_region; return !p; }
/* end */

"clang -o conftest -I/Users/hatajunnosuke/.rbenv/versions/2.7.2/include/ruby-2.7.0/arm64-darwin20 -I/Users/hatajunnosuke/.rbenv/versions/2.7.2/include/ruby-2.7.0/ruby/backward -I/Users/hatajunnosuke/.rbenv/versions/2.7.2/include/ruby-2.7.0 -I. -I/Users/hatajunnosuke/.rbenv/versions/2.7.2/include  -D_XOPEN_SOURCE -D_DARWIN_C_SOURCE -D_DARWIN_UNLIMITED_SELECT -D_REENTRANT   -O3 -ggdb3 -Wall -Wextra -Wdeprecated-declarations -Wdivision-by-zero -Wimplicit-function-declaration -Wimplicit-int -Wmisleading-indentation -Wpointer-arith -Wshorten-64-to-32 -Wwrite-strings -Wmissing-noreturn -Wno-constant-logical-operand -Wno-long-long -Wno-missing-field-initializers -Wno-overlength-strings -Wno-parentheses-equality -Wno-self-assign -Wno-tautological-compare -Wno-unused-parameter -Wno-unused-value -Wunused-variable -Wextra-tokens  -fno-common -pipe conftest.c  -L. -L/Users/hatajunnosuke/.rbenv/versions/2.7.2/lib -L/usr/local/opt/openssl@1.1/lib     -lruby.2.7   "
ld: warning: ignoring file /Users/hatajunnosuke/.rbenv/versions/2.7.2/lib/libruby.2.7.dylib, building for macOS-x86_64 but attempting to link with file built for macOS-arm64
Undefined symbols for architecture x86_64:
  "_rb_thread_blocking_region", referenced from:
      _t in conftest-8bb837.o
ld: symbol(s) not found for architecture x86_64
clang: error: linker command failed with exit code 1 (use -v to see invocation)
checked program was:
/* begin */
 1: #include "ruby.h"
 2: 
 3: /*top*/
 4: extern int t(void);
 5: int main(int argc, char **argv)
 6: {
 7:   if (argc > 1000000) {
 8:     int (* volatile tp)(void)=(int (*)(void))&t;
 9:     printf("%d", (*tp)());
10:   }
11: 
12:   return !!argv[argc];
13: }
14: extern void rb_thread_blocking_region();
15: int t(void) { rb_thread_blocking_region(); return 0; }
/* end */

--------------------

have_func: checking for rb_wait_for_single_fd()... -------------------- no

"clang -o conftest -I/Users/hatajunnosuke/.rbenv/versions/2.7.2/include/ruby-2.7.0/arm64-darwin20 -I/Users/hatajunnosuke/.rbenv/versions/2.7.2/include/ruby-2.7.0/ruby/backward -I/Users/hatajunnosuke/.rbenv/versions/2.7.2/include/ruby-2.7.0 -I. -I/Users/hatajunnosuke/.rbenv/versions/2.7.2/include  -D_XOPEN_SOURCE -D_DARWIN_C_SOURCE -D_DARWIN_UNLIMITED_SELECT -D_REENTRANT   -O3 -ggdb3 -Wall -Wextra -Wdeprecated-declarations -Wdivision-by-zero -Wimplicit-function-declaration -Wimplicit-int -Wmisleading-indentation -Wpointer-arith -Wshorten-64-to-32 -Wwrite-strings -Wmissing-noreturn -Wno-constant-logical-operand -Wno-long-long -Wno-missing-field-initializers -Wno-overlength-strings -Wno-parentheses-equality -Wno-self-assign -Wno-tautological-compare -Wno-unused-parameter -Wno-unused-value -Wunused-variable -Wextra-tokens  -fno-common -pipe conftest.c  -L. -L/Users/hatajunnosuke/.rbenv/versions/2.7.2/lib -L/usr/local/opt/openssl@1.1/lib     -lruby.2.7   "
conftest.c:14:57: error: use of undeclared identifier 'rb_wait_for_single_fd'
int t(void) { void ((*volatile p)()); p = (void ((*)()))rb_wait_for_single_fd; return !p; }
                                                        ^
1 error generated.
checked program was:
/* begin */
 1: #include "ruby.h"
 2: 
 3: /*top*/
 4: extern int t(void);
 5: int main(int argc, char **argv)
 6: {
 7:   if (argc > 1000000) {
 8:     int (* volatile tp)(void)=(int (*)(void))&t;
 9:     printf("%d", (*tp)());
10:   }
11: 
12:   return !!argv[argc];
13: }
14: int t(void) { void ((*volatile p)()); p = (void ((*)()))rb_wait_for_single_fd; return !p; }
/* end */

"clang -o conftest -I/Users/hatajunnosuke/.rbenv/versions/2.7.2/include/ruby-2.7.0/arm64-darwin20 -I/Users/hatajunnosuke/.rbenv/versions/2.7.2/include/ruby-2.7.0/ruby/backward -I/Users/hatajunnosuke/.rbenv/versions/2.7.2/include/ruby-2.7.0 -I. -I/Users/hatajunnosuke/.rbenv/versions/2.7.2/include  -D_XOPEN_SOURCE -D_DARWIN_C_SOURCE -D_DARWIN_UNLIMITED_SELECT -D_REENTRANT   -O3 -ggdb3 -Wall -Wextra -Wdeprecated-declarations -Wdivision-by-zero -Wimplicit-function-declaration -Wimplicit-int -Wmisleading-indentation -Wpointer-arith -Wshorten-64-to-32 -Wwrite-strings -Wmissing-noreturn -Wno-constant-logical-operand -Wno-long-long -Wno-missing-field-initializers -Wno-overlength-strings -Wno-parentheses-equality -Wno-self-assign -Wno-tautological-compare -Wno-unused-parameter -Wno-unused-value -Wunused-variable -Wextra-tokens  -fno-common -pipe conftest.c  -L. -L/Users/hatajunnosuke/.rbenv/versions/2.7.2/lib -L/usr/local/opt/openssl@1.1/lib     -lruby.2.7   "
ld: warning: ignoring file /Users/hatajunnosuke/.rbenv/versions/2.7.2/lib/libruby.2.7.dylib, building for macOS-x86_64 but attempting to link with file built for macOS-arm64
Undefined symbols for architecture x86_64:
  "_rb_wait_for_single_fd", referenced from:
      _t in conftest-87a0fb.o
ld: symbol(s) not found for architecture x86_64
clang: error: linker command failed with exit code 1 (use -v to see invocation)
checked program was:
/* begin */
 1: #include "ruby.h"
 2: 
 3: /*top*/
 4: extern int t(void);
 5: int main(int argc, char **argv)
 6: {
 7:   if (argc > 1000000) {
 8:     int (* volatile tp)(void)=(int (*)(void))&t;
 9:     printf("%d", (*tp)());
10:   }
11: 
12:   return !!argv[argc];
13: }
14: extern void rb_wait_for_single_fd();
15: int t(void) { rb_wait_for_single_fd(); return 0; }
/* end */

--------------------

have_func: checking for rb_hash_dup()... -------------------- no

"clang -o conftest -I/Users/hatajunnosuke/.rbenv/versions/2.7.2/include/ruby-2.7.0/arm64-darwin20 -I/Users/hatajunnosuke/.rbenv/versions/2.7.2/include/ruby-2.7.0/ruby/backward -I/Users/hatajunnosuke/.rbenv/versions/2.7.2/include/ruby-2.7.0 -I. -I/Users/hatajunnosuke/.rbenv/versions/2.7.2/include  -D_XOPEN_SOURCE -D_DARWIN_C_SOURCE -D_DARWIN_UNLIMITED_SELECT -D_REENTRANT   -O3 -ggdb3 -Wall -Wextra -Wdeprecated-declarations -Wdivision-by-zero -Wimplicit-function-declaration -Wimplicit-int -Wmisleading-indentation -Wpointer-arith -Wshorten-64-to-32 -Wwrite-strings -Wmissing-noreturn -Wno-constant-logical-operand -Wno-long-long -Wno-missing-field-initializers -Wno-overlength-strings -Wno-parentheses-equality -Wno-self-assign -Wno-tautological-compare -Wno-unused-parameter -Wno-unused-value -Wunused-variable -Wextra-tokens  -fno-common -pipe conftest.c  -L. -L/Users/hatajunnosuke/.rbenv/versions/2.7.2/lib -L/usr/local/opt/openssl@1.1/lib     -lruby.2.7   "
ld: warning: ignoring file /Users/hatajunnosuke/.rbenv/versions/2.7.2/lib/libruby.2.7.dylib, building for macOS-x86_64 but attempting to link with file built for macOS-arm64
Undefined symbols for architecture x86_64:
  "_rb_hash_dup", referenced from:
      _t in conftest-ec4c07.o
ld: symbol(s) not found for architecture x86_64
clang: error: linker command failed with exit code 1 (use -v to see invocation)
checked program was:
/* begin */
 1: #include "ruby.h"
 2: 
 3: /*top*/
 4: extern int t(void);
 5: int main(int argc, char **argv)
 6: {
 7:   if (argc > 1000000) {
 8:     int (* volatile tp)(void)=(int (*)(void))&t;
 9:     printf("%d", (*tp)());
10:   }
11: 
12:   return !!argv[argc];
13: }
14: int t(void) { void ((*volatile p)()); p = (void ((*)()))rb_hash_dup; return !p; }
/* end */

"clang -o conftest -I/Users/hatajunnosuke/.rbenv/versions/2.7.2/include/ruby-2.7.0/arm64-darwin20 -I/Users/hatajunnosuke/.rbenv/versions/2.7.2/include/ruby-2.7.0/ruby/backward -I/Users/hatajunnosuke/.rbenv/versions/2.7.2/include/ruby-2.7.0 -I. -I/Users/hatajunnosuke/.rbenv/versions/2.7.2/include  -D_XOPEN_SOURCE -D_DARWIN_C_SOURCE -D_DARWIN_UNLIMITED_SELECT -D_REENTRANT   -O3 -ggdb3 -Wall -Wextra -Wdeprecated-declarations -Wdivision-by-zero -Wimplicit-function-declaration -Wimplicit-int -Wmisleading-indentation -Wpointer-arith -Wshorten-64-to-32 -Wwrite-strings -Wmissing-noreturn -Wno-constant-logical-operand -Wno-long-long -Wno-missing-field-initializers -Wno-overlength-strings -Wno-parentheses-equality -Wno-self-assign -Wno-tautological-compare -Wno-unused-parameter -Wno-unused-value -Wunused-variable -Wextra-tokens  -fno-common -pipe conftest.c  -L. -L/Users/hatajunnosuke/.rbenv/versions/2.7.2/lib -L/usr/local/opt/openssl@1.1/lib     -lruby.2.7   "
conftest.c:14:13: error: conflicting types for 'rb_hash_dup'
extern void rb_hash_dup();
            ^
/Users/hatajunnosuke/.rbenv/versions/2.7.2/include/ruby-2.7.0/ruby/intern.h:561:7: note: previous declaration is here
VALUE rb_hash_dup(VALUE);
      ^
conftest.c:15:27: error: too few arguments to function call, expected 1, have 0
int t(void) { rb_hash_dup(); return 0; }
              ~~~~~~~~~~~ ^
/Users/hatajunnosuke/.rbenv/versions/2.7.2/include/ruby-2.7.0/ruby/intern.h:561:7: note: 'rb_hash_dup' declared here
VALUE rb_hash_dup(VALUE);
      ^
2 errors generated.
checked program was:
/* begin */
 1: #include "ruby.h"
 2: 
 3: /*top*/
 4: extern int t(void);
 5: int main(int argc, char **argv)
 6: {
 7:   if (argc > 1000000) {
 8:     int (* volatile tp)(void)=(int (*)(void))&t;
 9:     printf("%d", (*tp)());
10:   }
11: 
12:   return !!argv[argc];
13: }
14: extern void rb_hash_dup();
15: int t(void) { rb_hash_dup(); return 0; }
/* end */

--------------------

have_func: checking for rb_intern3()... -------------------- no

"clang -o conftest -I/Users/hatajunnosuke/.rbenv/versions/2.7.2/include/ruby-2.7.0/arm64-darwin20 -I/Users/hatajunnosuke/.rbenv/versions/2.7.2/include/ruby-2.7.0/ruby/backward -I/Users/hatajunnosuke/.rbenv/versions/2.7.2/include/ruby-2.7.0 -I. -I/Users/hatajunnosuke/.rbenv/versions/2.7.2/include  -D_XOPEN_SOURCE -D_DARWIN_C_SOURCE -D_DARWIN_UNLIMITED_SELECT -D_REENTRANT   -O3 -ggdb3 -Wall -Wextra -Wdeprecated-declarations -Wdivision-by-zero -Wimplicit-function-declaration -Wimplicit-int -Wmisleading-indentation -Wpointer-arith -Wshorten-64-to-32 -Wwrite-strings -Wmissing-noreturn -Wno-constant-logical-operand -Wno-long-long -Wno-missing-field-initializers -Wno-overlength-strings -Wno-parentheses-equality -Wno-self-assign -Wno-tautological-compare -Wno-unused-parameter -Wno-unused-value -Wunused-variable -Wextra-tokens  -fno-common -pipe conftest.c  -L. -L/Users/hatajunnosuke/.rbenv/versions/2.7.2/lib -L/usr/local/opt/openssl@1.1/lib     -lruby.2.7   "
conftest.c:14:57: error: use of undeclared identifier 'rb_intern3'
int t(void) { void ((*volatile p)()); p = (void ((*)()))rb_intern3; return !p; }
                                                        ^
1 error generated.
checked program was:
/* begin */
 1: #include "ruby.h"
 2: 
 3: /*top*/
 4: extern int t(void);
 5: int main(int argc, char **argv)
 6: {
 7:   if (argc > 1000000) {
 8:     int (* volatile tp)(void)=(int (*)(void))&t;
 9:     printf("%d", (*tp)());
10:   }
11: 
12:   return !!argv[argc];
13: }
14: int t(void) { void ((*volatile p)()); p = (void ((*)()))rb_intern3; return !p; }
/* end */

"clang -o conftest -I/Users/hatajunnosuke/.rbenv/versions/2.7.2/include/ruby-2.7.0/arm64-darwin20 -I/Users/hatajunnosuke/.rbenv/versions/2.7.2/include/ruby-2.7.0/ruby/backward -I/Users/hatajunnosuke/.rbenv/versions/2.7.2/include/ruby-2.7.0 -I. -I/Users/hatajunnosuke/.rbenv/versions/2.7.2/include  -D_XOPEN_SOURCE -D_DARWIN_C_SOURCE -D_DARWIN_UNLIMITED_SELECT -D_REENTRANT   -O3 -ggdb3 -Wall -Wextra -Wdeprecated-declarations -Wdivision-by-zero -Wimplicit-function-declaration -Wimplicit-int -Wmisleading-indentation -Wpointer-arith -Wshorten-64-to-32 -Wwrite-strings -Wmissing-noreturn -Wno-constant-logical-operand -Wno-long-long -Wno-missing-field-initializers -Wno-overlength-strings -Wno-parentheses-equality -Wno-self-assign -Wno-tautological-compare -Wno-unused-parameter -Wno-unused-value -Wunused-variable -Wextra-tokens  -fno-common -pipe conftest.c  -L. -L/Users/hatajunnosuke/.rbenv/versions/2.7.2/lib -L/usr/local/opt/openssl@1.1/lib     -lruby.2.7   "
ld: warning: ignoring file /Users/hatajunnosuke/.rbenv/versions/2.7.2/lib/libruby.2.7.dylib, building for macOS-x86_64 but attempting to link with file built for macOS-arm64
Undefined symbols for architecture x86_64:
  "_rb_intern3", referenced from:
      _t in conftest-c753f2.o
ld: symbol(s) not found for architecture x86_64
clang: error: linker command failed with exit code 1 (use -v to see invocation)
checked program was:
/* begin */
 1: #include "ruby.h"
 2: 
 3: /*top*/
 4: extern int t(void);
 5: int main(int argc, char **argv)
 6: {
 7:   if (argc > 1000000) {
 8:     int (* volatile tp)(void)=(int (*)(void))&t;
 9:     printf("%d", (*tp)());
10:   }
11: 
12:   return !!argv[argc];
13: }
14: extern void rb_intern3();
15: int t(void) { rb_intern3(); return 0; }
/* end */

--------------------

have_func: checking for rb_big_cmp()... -------------------- no

"clang -o conftest -I/Users/hatajunnosuke/.rbenv/versions/2.7.2/include/ruby-2.7.0/arm64-darwin20 -I/Users/hatajunnosuke/.rbenv/versions/2.7.2/include/ruby-2.7.0/ruby/backward -I/Users/hatajunnosuke/.rbenv/versions/2.7.2/include/ruby-2.7.0 -I. -I/Users/hatajunnosuke/.rbenv/versions/2.7.2/include  -D_XOPEN_SOURCE -D_DARWIN_C_SOURCE -D_DARWIN_UNLIMITED_SELECT -D_REENTRANT   -O3 -ggdb3 -Wall -Wextra -Wdeprecated-declarations -Wdivision-by-zero -Wimplicit-function-declaration -Wimplicit-int -Wmisleading-indentation -Wpointer-arith -Wshorten-64-to-32 -Wwrite-strings -Wmissing-noreturn -Wno-constant-logical-operand -Wno-long-long -Wno-missing-field-initializers -Wno-overlength-strings -Wno-parentheses-equality -Wno-self-assign -Wno-tautological-compare -Wno-unused-parameter -Wno-unused-value -Wunused-variable -Wextra-tokens  -fno-common -pipe conftest.c  -L. -L/Users/hatajunnosuke/.rbenv/versions/2.7.2/lib -L/usr/local/opt/openssl@1.1/lib     -lruby.2.7   "
ld: warning: ignoring file /Users/hatajunnosuke/.rbenv/versions/2.7.2/lib/libruby.2.7.dylib, building for macOS-x86_64 but attempting to link with file built for macOS-arm64
Undefined symbols for architecture x86_64:
  "_rb_big_cmp", referenced from:
      _t in conftest-56f31e.o
ld: symbol(s) not found for architecture x86_64
clang: error: linker command failed with exit code 1 (use -v to see invocation)
checked program was:
/* begin */
 1: #include "ruby.h"
 2: 
 3: /*top*/
 4: extern int t(void);
 5: int main(int argc, char **argv)
 6: {
 7:   if (argc > 1000000) {
 8:     int (* volatile tp)(void)=(int (*)(void))&t;
 9:     printf("%d", (*tp)());
10:   }
11: 
12:   return !!argv[argc];
13: }
14: int t(void) { void ((*volatile p)()); p = (void ((*)()))rb_big_cmp; return !p; }
/* end */

"clang -o conftest -I/Users/hatajunnosuke/.rbenv/versions/2.7.2/include/ruby-2.7.0/arm64-darwin20 -I/Users/hatajunnosuke/.rbenv/versions/2.7.2/include/ruby-2.7.0/ruby/backward -I/Users/hatajunnosuke/.rbenv/versions/2.7.2/include/ruby-2.7.0 -I. -I/Users/hatajunnosuke/.rbenv/versions/2.7.2/include  -D_XOPEN_SOURCE -D_DARWIN_C_SOURCE -D_DARWIN_UNLIMITED_SELECT -D_REENTRANT   -O3 -ggdb3 -Wall -Wextra -Wdeprecated-declarations -Wdivision-by-zero -Wimplicit-function-declaration -Wimplicit-int -Wmisleading-indentation -Wpointer-arith -Wshorten-64-to-32 -Wwrite-strings -Wmissing-noreturn -Wno-constant-logical-operand -Wno-long-long -Wno-missing-field-initializers -Wno-overlength-strings -Wno-parentheses-equality -Wno-self-assign -Wno-tautological-compare -Wno-unused-parameter -Wno-unused-value -Wunused-variable -Wextra-tokens  -fno-common -pipe conftest.c  -L. -L/Users/hatajunnosuke/.rbenv/versions/2.7.2/lib -L/usr/local/opt/openssl@1.1/lib     -lruby.2.7   "
conftest.c:14:13: error: conflicting types for 'rb_big_cmp'
extern void rb_big_cmp();
            ^
/Users/hatajunnosuke/.rbenv/versions/2.7.2/include/ruby-2.7.0/ruby/intern.h:131:7: note: previous declaration is here
VALUE rb_big_cmp(VALUE, VALUE);
      ^
conftest.c:15:26: error: too few arguments to function call, expected 2, have 0
int t(void) { rb_big_cmp(); return 0; }
              ~~~~~~~~~~ ^
/Users/hatajunnosuke/.rbenv/versions/2.7.2/include/ruby-2.7.0/ruby/intern.h:131:7: note: 'rb_big_cmp' declared here
VALUE rb_big_cmp(VALUE, VALUE);
      ^
2 errors generated.
checked program was:
/* begin */
 1: #include "ruby.h"
 2: 
 3: /*top*/
 4: extern int t(void);
 5: int main(int argc, char **argv)
 6: {
 7:   if (argc > 1000000) {
 8:     int (* volatile tp)(void)=(int (*)(void))&t;
 9:     printf("%d", (*tp)());
10:   }
11: 
12:   return !!argv[argc];
13: }
14: extern void rb_big_cmp();
15: int t(void) { rb_big_cmp(); return 0; }
/* end */

--------------------

have_header: checking for mysql.h... -------------------- yes

"clang -E -I/Users/hatajunnosuke/.rbenv/versions/2.7.2/include/ruby-2.7.0/arm64-darwin20 -I/Users/hatajunnosuke/.rbenv/versions/2.7.2/include/ruby-2.7.0/ruby/backward -I/Users/hatajunnosuke/.rbenv/versions/2.7.2/include/ruby-2.7.0 -I. -I/usr/local/Cellar/mysql/8.0.27/include/mysql -I/Users/hatajunnosuke/.rbenv/versions/2.7.2/include  -D_XOPEN_SOURCE -D_DARWIN_C_SOURCE -D_DARWIN_UNLIMITED_SELECT -D_REENTRANT   -O3 -ggdb3 -Wall -Wextra -Wdeprecated-declarations -Wdivision-by-zero -Wimplicit-function-declaration -Wimplicit-int -Wmisleading-indentation -Wpointer-arith -Wshorten-64-to-32 -Wwrite-strings -Wmissing-noreturn -Wno-constant-logical-operand -Wno-long-long -Wno-missing-field-initializers -Wno-overlength-strings -Wno-parentheses-equality -Wno-self-assign -Wno-tautological-compare -Wno-unused-parameter -Wno-unused-value -Wunused-variable -Wextra-tokens  -fno-common -pipe  conftest.c -o conftest.i"
checked program was:
/* begin */
1: #include "ruby.h"
2: 
3: #include <mysql.h>
/* end */

--------------------

have_header: checking for errmsg.h... -------------------- yes

"clang -E -I/Users/hatajunnosuke/.rbenv/versions/2.7.2/include/ruby-2.7.0/arm64-darwin20 -I/Users/hatajunnosuke/.rbenv/versions/2.7.2/include/ruby-2.7.0/ruby/backward -I/Users/hatajunnosuke/.rbenv/versions/2.7.2/include/ruby-2.7.0 -I. -I/usr/local/Cellar/mysql/8.0.27/include/mysql -I/Users/hatajunnosuke/.rbenv/versions/2.7.2/include  -D_XOPEN_SOURCE -D_DARWIN_C_SOURCE -D_DARWIN_UNLIMITED_SELECT -D_REENTRANT   -O3 -ggdb3 -Wall -Wextra -Wdeprecated-declarations -Wdivision-by-zero -Wimplicit-function-declaration -Wimplicit-int -Wmisleading-indentation -Wpointer-arith -Wshorten-64-to-32 -Wwrite-strings -Wmissing-noreturn -Wno-constant-logical-operand -Wno-long-long -Wno-missing-field-initializers -Wno-overlength-strings -Wno-parentheses-equality -Wno-self-assign -Wno-tautological-compare -Wno-unused-parameter -Wno-unused-value -Wunused-variable -Wextra-tokens  -fno-common -pipe  conftest.c -o conftest.i"
checked program was:
/* begin */
1: #include "ruby.h"
2: 
3: #include <errmsg.h>
/* end */

--------------------

have_const: checking for SSL_MODE_DISABLED in mysql.h... -------------------- yes

"clang -I/Users/hatajunnosuke/.rbenv/versions/2.7.2/include/ruby-2.7.0/arm64-darwin20 -I/Users/hatajunnosuke/.rbenv/versions/2.7.2/include/ruby-2.7.0/ruby/backward -I/Users/hatajunnosuke/.rbenv/versions/2.7.2/include/ruby-2.7.0 -I. -I/usr/local/Cellar/mysql/8.0.27/include/mysql -I/Users/hatajunnosuke/.rbenv/versions/2.7.2/include  -D_XOPEN_SOURCE -D_DARWIN_C_SOURCE -D_DARWIN_UNLIMITED_SELECT -D_REENTRANT   -O3 -ggdb3 -Wall -Wextra -Wdeprecated-declarations -Wdivision-by-zero -Wimplicit-function-declaration -Wimplicit-int -Wmisleading-indentation -Wpointer-arith -Wshorten-64-to-32 -Wwrite-strings -Wmissing-noreturn -Wno-constant-logical-operand -Wno-long-long -Wno-missing-field-initializers -Wno-overlength-strings -Wno-parentheses-equality -Wno-self-assign -Wno-tautological-compare -Wno-unused-parameter -Wno-unused-value -Wunused-variable -Wextra-tokens  -fno-common -pipe   -c conftest.c"
checked program was:
/* begin */
1: #include "ruby.h"
2: 
3: #include <mysql.h>
4: 
5: /*top*/
6: typedef int conftest_type;
7: conftest_type conftestval = (int)SSL_MODE_DISABLED;
/* end */

--------------------

have_const: checking for SSL_MODE_PREFERRED in mysql.h... -------------------- yes

"clang -I/Users/hatajunnosuke/.rbenv/versions/2.7.2/include/ruby-2.7.0/arm64-darwin20 -I/Users/hatajunnosuke/.rbenv/versions/2.7.2/include/ruby-2.7.0/ruby/backward -I/Users/hatajunnosuke/.rbenv/versions/2.7.2/include/ruby-2.7.0 -I. -I/usr/local/Cellar/mysql/8.0.27/include/mysql -I/Users/hatajunnosuke/.rbenv/versions/2.7.2/include  -D_XOPEN_SOURCE -D_DARWIN_C_SOURCE -D_DARWIN_UNLIMITED_SELECT -D_REENTRANT   -O3 -ggdb3 -Wall -Wextra -Wdeprecated-declarations -Wdivision-by-zero -Wimplicit-function-declaration -Wimplicit-int -Wmisleading-indentation -Wpointer-arith -Wshorten-64-to-32 -Wwrite-strings -Wmissing-noreturn -Wno-constant-logical-operand -Wno-long-long -Wno-missing-field-initializers -Wno-overlength-strings -Wno-parentheses-equality -Wno-self-assign -Wno-tautological-compare -Wno-unused-parameter -Wno-unused-value -Wunused-variable -Wextra-tokens  -fno-common -pipe   -c conftest.c"
checked program was:
/* begin */
1: #include "ruby.h"
2: 
3: #include <mysql.h>
4: 
5: /*top*/
6: typedef int conftest_type;
7: conftest_type conftestval = (int)SSL_MODE_PREFERRED;
/* end */

--------------------

have_const: checking for SSL_MODE_REQUIRED in mysql.h... -------------------- yes

"clang -I/Users/hatajunnosuke/.rbenv/versions/2.7.2/include/ruby-2.7.0/arm64-darwin20 -I/Users/hatajunnosuke/.rbenv/versions/2.7.2/include/ruby-2.7.0/ruby/backward -I/Users/hatajunnosuke/.rbenv/versions/2.7.2/include/ruby-2.7.0 -I. -I/usr/local/Cellar/mysql/8.0.27/include/mysql -I/Users/hatajunnosuke/.rbenv/versions/2.7.2/include  -D_XOPEN_SOURCE -D_DARWIN_C_SOURCE -D_DARWIN_UNLIMITED_SELECT -D_REENTRANT   -O3 -ggdb3 -Wall -Wextra -Wdeprecated-declarations -Wdivision-by-zero -Wimplicit-function-declaration -Wimplicit-int -Wmisleading-indentation -Wpointer-arith -Wshorten-64-to-32 -Wwrite-strings -Wmissing-noreturn -Wno-constant-logical-operand -Wno-long-long -Wno-missing-field-initializers -Wno-overlength-strings -Wno-parentheses-equality -Wno-self-assign -Wno-tautological-compare -Wno-unused-parameter -Wno-unused-value -Wunused-variable -Wextra-tokens  -fno-common -pipe   -c conftest.c"
checked program was:
/* begin */
1: #include "ruby.h"
2: 
3: #include <mysql.h>
4: 
5: /*top*/
6: typedef int conftest_type;
7: conftest_type conftestval = (int)SSL_MODE_REQUIRED;
/* end */

--------------------

have_const: checking for SSL_MODE_VERIFY_CA in mysql.h... -------------------- yes

"clang -I/Users/hatajunnosuke/.rbenv/versions/2.7.2/include/ruby-2.7.0/arm64-darwin20 -I/Users/hatajunnosuke/.rbenv/versions/2.7.2/include/ruby-2.7.0/ruby/backward -I/Users/hatajunnosuke/.rbenv/versions/2.7.2/include/ruby-2.7.0 -I. -I/usr/local/Cellar/mysql/8.0.27/include/mysql -I/Users/hatajunnosuke/.rbenv/versions/2.7.2/include  -D_XOPEN_SOURCE -D_DARWIN_C_SOURCE -D_DARWIN_UNLIMITED_SELECT -D_REENTRANT   -O3 -ggdb3 -Wall -Wextra -Wdeprecated-declarations -Wdivision-by-zero -Wimplicit-function-declaration -Wimplicit-int -Wmisleading-indentation -Wpointer-arith -Wshorten-64-to-32 -Wwrite-strings -Wmissing-noreturn -Wno-constant-logical-operand -Wno-long-long -Wno-missing-field-initializers -Wno-overlength-strings -Wno-parentheses-equality -Wno-self-assign -Wno-tautological-compare -Wno-unused-parameter -Wno-unused-value -Wunused-variable -Wextra-tokens  -fno-common -pipe   -c conftest.c"
checked program was:
/* begin */
1: #include "ruby.h"
2: 
3: #include <mysql.h>
4: 
5: /*top*/
6: typedef int conftest_type;
7: conftest_type conftestval = (int)SSL_MODE_VERIFY_CA;
/* end */

--------------------

have_const: checking for SSL_MODE_VERIFY_IDENTITY in mysql.h... -------------------- yes

"clang -I/Users/hatajunnosuke/.rbenv/versions/2.7.2/include/ruby-2.7.0/arm64-darwin20 -I/Users/hatajunnosuke/.rbenv/versions/2.7.2/include/ruby-2.7.0/ruby/backward -I/Users/hatajunnosuke/.rbenv/versions/2.7.2/include/ruby-2.7.0 -I. -I/usr/local/Cellar/mysql/8.0.27/include/mysql -I/Users/hatajunnosuke/.rbenv/versions/2.7.2/include  -D_XOPEN_SOURCE -D_DARWIN_C_SOURCE -D_DARWIN_UNLIMITED_SELECT -D_REENTRANT   -O3 -ggdb3 -Wall -Wextra -Wdeprecated-declarations -Wdivision-by-zero -Wimplicit-function-declaration -Wimplicit-int -Wmisleading-indentation -Wpointer-arith -Wshorten-64-to-32 -Wwrite-strings -Wmissing-noreturn -Wno-constant-logical-operand -Wno-long-long -Wno-missing-field-initializers -Wno-overlength-strings -Wno-parentheses-equality -Wno-self-assign -Wno-tautological-compare -Wno-unused-parameter -Wno-unused-value -Wunused-variable -Wextra-tokens  -fno-common -pipe   -c conftest.c"
checked program was:
/* begin */
1: #include "ruby.h"
2: 
3: #include <mysql.h>
4: 
5: /*top*/
6: typedef int conftest_type;
7: conftest_type conftestval = (int)SSL_MODE_VERIFY_IDENTITY;
/* end */

--------------------

have_struct_member: checking for MYSQL.net.vio in mysql.h... -------------------- yes

"clang -I/Users/hatajunnosuke/.rbenv/versions/2.7.2/include/ruby-2.7.0/arm64-darwin20 -I/Users/hatajunnosuke/.rbenv/versions/2.7.2/include/ruby-2.7.0/ruby/backward -I/Users/hatajunnosuke/.rbenv/versions/2.7.2/include/ruby-2.7.0 -I. -I/usr/local/Cellar/mysql/8.0.27/include/mysql -I/Users/hatajunnosuke/.rbenv/versions/2.7.2/include  -D_XOPEN_SOURCE -D_DARWIN_C_SOURCE -D_DARWIN_UNLIMITED_SELECT -D_REENTRANT   -O3 -ggdb3 -Wall -Wextra -Wdeprecated-declarations -Wdivision-by-zero -Wimplicit-function-declaration -Wimplicit-int -Wmisleading-indentation -Wpointer-arith -Wshorten-64-to-32 -Wwrite-strings -Wmissing-noreturn -Wno-constant-logical-operand -Wno-long-long -Wno-missing-field-initializers -Wno-overlength-strings -Wno-parentheses-equality -Wno-self-assign -Wno-tautological-compare -Wno-unused-parameter -Wno-unused-value -Wunused-variable -Wextra-tokens  -fno-common -pipe -DFULL_SSL_MODE_SUPPORT   -c conftest.c"
checked program was:
/* begin */
 1: #include "ruby.h"
 2: 
 3: #include <mysql.h>
 4: 
 5: /*top*/
 6: int s = (char *)&((MYSQL*)0)->net.vio - (char *)0;
 7: int main(int argc, char **argv)
 8: {
 9:   return !!argv[argc];
10: }
/* end */

--------------------

have_struct_member: checking for MYSQL.net.pvio in mysql.h... -------------------- no

"clang -I/Users/hatajunnosuke/.rbenv/versions/2.7.2/include/ruby-2.7.0/arm64-darwin20 -I/Users/hatajunnosuke/.rbenv/versions/2.7.2/include/ruby-2.7.0/ruby/backward -I/Users/hatajunnosuke/.rbenv/versions/2.7.2/include/ruby-2.7.0 -I. -I/usr/local/Cellar/mysql/8.0.27/include/mysql -I/Users/hatajunnosuke/.rbenv/versions/2.7.2/include  -D_XOPEN_SOURCE -D_DARWIN_C_SOURCE -D_DARWIN_UNLIMITED_SELECT -D_REENTRANT   -O3 -ggdb3 -Wall -Wextra -Wdeprecated-declarations -Wdivision-by-zero -Wimplicit-function-declaration -Wimplicit-int -Wmisleading-indentation -Wpointer-arith -Wshorten-64-to-32 -Wwrite-strings -Wmissing-noreturn -Wno-constant-logical-operand -Wno-long-long -Wno-missing-field-initializers -Wno-overlength-strings -Wno-parentheses-equality -Wno-self-assign -Wno-tautological-compare -Wno-unused-parameter -Wno-unused-value -Wunused-variable -Wextra-tokens  -fno-common -pipe -DFULL_SSL_MODE_SUPPORT   -c conftest.c"
conftest.c:6:35: error: no member named 'pvio' in 'struct NET'; did you mean 'vio'?
int s = (char *)&((MYSQL*)0)->net.pvio - (char *)0;
                                  ^~~~
                                  vio
/usr/local/Cellar/mysql/8.0.27/include/mysql/mysql_com.h:911:13: note: 'vio' declared here
  MYSQL_VIO vio;
            ^
1 error generated.
checked program was:
/* begin */
 1: #include "ruby.h"
 2: 
 3: #include <mysql.h>
 4: 
 5: /*top*/
 6: int s = (char *)&((MYSQL*)0)->net.pvio - (char *)0;
 7: int main(int argc, char **argv)
 8: {
 9:   return !!argv[argc];
10: }
/* end */

--------------------

have_const: checking for MYSQL_ENABLE_CLEARTEXT_PLUGIN in mysql.h... -------------------- yes

"clang -I/Users/hatajunnosuke/.rbenv/versions/2.7.2/include/ruby-2.7.0/arm64-darwin20 -I/Users/hatajunnosuke/.rbenv/versions/2.7.2/include/ruby-2.7.0/ruby/backward -I/Users/hatajunnosuke/.rbenv/versions/2.7.2/include/ruby-2.7.0 -I. -I/usr/local/Cellar/mysql/8.0.27/include/mysql -I/Users/hatajunnosuke/.rbenv/versions/2.7.2/include  -D_XOPEN_SOURCE -D_DARWIN_C_SOURCE -D_DARWIN_UNLIMITED_SELECT -D_REENTRANT   -O3 -ggdb3 -Wall -Wextra -Wdeprecated-declarations -Wdivision-by-zero -Wimplicit-function-declaration -Wimplicit-int -Wmisleading-indentation -Wpointer-arith -Wshorten-64-to-32 -Wwrite-strings -Wmissing-noreturn -Wno-constant-logical-operand -Wno-long-long -Wno-missing-field-initializers -Wno-overlength-strings -Wno-parentheses-equality -Wno-self-assign -Wno-tautological-compare -Wno-unused-parameter -Wno-unused-value -Wunused-variable -Wextra-tokens  -fno-common -pipe -DFULL_SSL_MODE_SUPPORT   -c conftest.c"
checked program was:
/* begin */
1: #include "ruby.h"
2: 
3: #include <mysql.h>
4: 
5: /*top*/
6: typedef int conftest_type;
7: conftest_type conftestval = (int)MYSQL_ENABLE_CLEARTEXT_PLUGIN;
/* end */

--------------------

"clang -o conftest -I/Users/hatajunnosuke/.rbenv/versions/2.7.2/include/ruby-2.7.0/arm64-darwin20 -I/Users/hatajunnosuke/.rbenv/versions/2.7.2/include/ruby-2.7.0/ruby/backward -I/Users/hatajunnosuke/.rbenv/versions/2.7.2/include/ruby-2.7.0 -I. -I/usr/local/Cellar/mysql/8.0.27/include/mysql -I/Users/hatajunnosuke/.rbenv/versions/2.7.2/include  -D_XOPEN_SOURCE -D_DARWIN_C_SOURCE -D_DARWIN_UNLIMITED_SELECT -D_REENTRANT   -O3 -ggdb3 -Wall -Wextra -Wdeprecated-declarations -Wdivision-by-zero -Wimplicit-function-declaration -Wimplicit-int -Wmisleading-indentation -Wpointer-arith -Wshorten-64-to-32 -Wwrite-strings -Wmissing-noreturn -Wno-constant-logical-operand -Wno-long-long -Wno-missing-field-initializers -Wno-overlength-strings -Wno-parentheses-equality -Wno-self-assign -Wno-tautological-compare -Wno-unused-parameter -Wno-unused-value -Wunused-variable -Wextra-tokens  -fno-common -pipe -DFULL_SSL_MODE_SUPPORT conftest.c  -L. -L/Users/hatajunnosuke/.rbenv/versions/2.7.2/lib -L/usr/local/opt/openssl@1.1/lib    -L/usr/local/Cellar/mysql/8.0.27/lib -lmysqlclient -lz -lzstd -lssl -lcrypto -lresolv  -lruby.2.7 -Werror -Weverything  "
error: include location '/usr/local/include' is unsafe for cross-compilation [-Werror,-Wpoison-system-directories]
In file included from conftest.c:1:
In file included from /Users/hatajunnosuke/.rbenv/versions/2.7.2/include/ruby-2.7.0/ruby.h:33:
In file included from /Users/hatajunnosuke/.rbenv/versions/2.7.2/include/ruby-2.7.0/ruby/ruby.h:24:
/Users/hatajunnosuke/.rbenv/versions/2.7.2/include/ruby-2.7.0/arm64-darwin20/ruby/config.h:14:9: error: macro name is a reserved identifier [-Werror,-Wreserved-id-macro]
#define __EXTENSIONS__ 1
        ^
/Users/hatajunnosuke/.rbenv/versions/2.7.2/include/ruby-2.7.0/arm64-darwin20/ruby/config.h:15:9: error: macro name is a reserved identifier [-Werror,-Wreserved-id-macro]
#define _ALL_SOURCE 1
        ^
/Users/hatajunnosuke/.rbenv/versions/2.7.2/include/ruby-2.7.0/arm64-darwin20/ruby/config.h:16:9: error: macro name is a reserved identifier [-Werror,-Wreserved-id-macro]
#define _GNU_SOURCE 1
        ^
/Users/hatajunnosuke/.rbenv/versions/2.7.2/include/ruby-2.7.0/arm64-darwin20/ruby/config.h:17:9: error: macro name is a reserved identifier [-Werror,-Wreserved-id-macro]
#define _POSIX_PTHREAD_SEMANTICS 1
        ^
/Users/hatajunnosuke/.rbenv/versions/2.7.2/include/ruby-2.7.0/arm64-darwin20/ruby/config.h:18:9: error: macro name is a reserved identifier [-Werror,-Wreserved-id-macro]
#define _TANDEM_SOURCE 1
        ^
/Users/hatajunnosuke/.rbenv/versions/2.7.2/include/ruby-2.7.0/arm64-darwin20/ruby/config.h:341:9: error: macro name is a reserved identifier [-Werror,-Wreserved-id-macro]
#define __STDC_WANT_LIB_EXT1__ 1
        ^
/Users/hatajunnosuke/.rbenv/versions/2.7.2/include/ruby-2.7.0/arm64-darwin20/ruby/config.h:377:9: error: macro name is a reserved identifier [-Werror,-Wreserved-id-macro]
#define _REENTRANT 1
        ^
/Users/hatajunnosuke/.rbenv/versions/2.7.2/include/ruby-2.7.0/arm64-darwin20/ruby/config.h:378:9: error: macro name is a reserved identifier [-Werror,-Wreserved-id-macro]
#define _THREAD_SAFE 1
        ^
In file included from conftest.c:1:
In file included from /Users/hatajunnosuke/.rbenv/versions/2.7.2/include/ruby-2.7.0/ruby.h:33:
In file included from /Users/hatajunnosuke/.rbenv/versions/2.7.2/include/ruby-2.7.0/ruby/ruby.h:29:
/Users/hatajunnosuke/.rbenv/versions/2.7.2/include/ruby-2.7.0/ruby/defines.h:191:8: error: macro name is a reserved identifier [-Werror,-Wreserved-id-macro]
#undef __
       ^
/Users/hatajunnosuke/.rbenv/versions/2.7.2/include/ruby-2.7.0/ruby/defines.h:193:10: error: macro name is a reserved identifier [-Werror,-Wreserved-id-macro]
# define __(args) args
         ^
In file included from conftest.c:1:
In file included from /Users/hatajunnosuke/.rbenv/versions/2.7.2/include/ruby-2.7.0/ruby.h:33:
/Users/hatajunnosuke/.rbenv/versions/2.7.2/include/ruby-2.7.0/ruby/ruby.h:876:5: error: signed shift result (0x80000000) sets the sign bit of the shift expression's type ('int') and becomes negative [-Werror,-Wshift-sign-overflow]
    RUBY_FL_USER_N(19),
    ^~~~~~~~~~~~~~~~~~
/Users/hatajunnosuke/.rbenv/versions/2.7.2/include/ruby-2.7.0/ruby/ruby.h:855:47: note: expanded from macro 'RUBY_FL_USER_N'
#define RUBY_FL_USER_N(n) RUBY_FL_USER##n = (1<<(RUBY_FL_USHIFT+n))
                                             ~^ ~~~~~~~~~~~~~~~~~~
/Users/hatajunnosuke/.rbenv/versions/2.7.2/include/ruby-2.7.0/ruby/ruby.h:927:13: error: padding struct 'struct RObject::(anonymous at /Users/hatajunnosuke/.rbenv/versions/2.7.2/include/ruby-2.7.0/ruby/ruby.h:925:2)' with 4 bytes to align 'ivptr' [-Werror,-Wpadded]
            VALUE *ivptr;
                   ^
/Users/hatajunnosuke/.rbenv/versions/2.7.2/include/ruby-2.7.0/ruby/ruby.h:1386:9: error: disabled expansion of recursive macro [-Werror,-Wdisabled-macro-expansion]
    if (RB_FL_ABLE(x)) {
        ^
/Users/hatajunnosuke/.rbenv/versions/2.7.2/include/ruby-2.7.0/ruby/ruby.h:1315:25: note: expanded from macro 'RB_FL_ABLE'
#define RB_FL_ABLE(x) (!RB_SPECIAL_CONST_P(x) && RB_BUILTIN_TYPE(x) != RUBY_T_NODE)
                        ^
/Users/hatajunnosuke/.rbenv/versions/2.7.2/include/ruby-2.7.0/ruby/ruby.h:1312:54: note: expanded from macro 'RB_SPECIAL_CONST_P'
#define RB_SPECIAL_CONST_P(x) (RB_IMMEDIATE_P(x) || !RB_TEST(x))
                                                     ^
/Users/hatajunnosuke/.rbenv/versions/2.7.2/include/ruby-2.7.0/ruby/ruby.h:479:44: note: expanded from macro 'RB_TEST'
#define RB_TEST(v) !(((VALUE)(v) & (VALUE)~RUBY_Qnil) == 0)
                                           ^
/Users/hatajunnosuke/.rbenv/versions/2.7.2/include/ruby-2.7.0/ruby/ruby.h:465:29: note: expanded from macro 'RUBY_Qnil'
#define RUBY_Qnil   ((VALUE)RUBY_Qnil)
                            ^
/Users/hatajunnosuke/.rbenv/versions/2.7.2/include/ruby-2.7.0/ruby/ruby.h:1540:10: error: disabled expansion of recursive macro [-Werror,-Wdisabled-macro-expansion]
    if (!RB_SPECIAL_CONST_P(b)) {
         ^
/Users/hatajunnosuke/.rbenv/versions/2.7.2/include/ruby-2.7.0/ruby/ruby.h:1312:54: note: expanded from macro 'RB_SPECIAL_CONST_P'
#define RB_SPECIAL_CONST_P(x) (RB_IMMEDIATE_P(x) || !RB_TEST(x))
                                                     ^
/Users/hatajunnosuke/.rbenv/versions/2.7.2/include/ruby-2.7.0/ruby/ruby.h:479:44: note: expanded from macro 'RB_TEST'
#define RB_TEST(v) !(((VALUE)(v) & (VALUE)~RUBY_Qnil) == 0)
                                           ^
/Users/hatajunnosuke/.rbenv/versions/2.7.2/include/ruby-2.7.0/ruby/ruby.h:465:29: note: expanded from macro 'RUBY_Qnil'
#define RUBY_Qnil   ((VALUE)RUBY_Qnil)
                            ^
/Users/hatajunnosuke/.rbenv/versions/2.7.2/include/ruby-2.7.0/ruby/ruby.h:1558:23: error: disabled expansion of recursive macro [-Werror,-Wdisabled-macro-expansion]
    rb_obj_written(a, RUBY_Qundef /* ignore `oldv' now */, b, filename, line);
                      ^
/Users/hatajunnosuke/.rbenv/versions/2.7.2/include/ruby-2.7.0/ruby/ruby.h:466:29: note: expanded from macro 'RUBY_Qundef'
#define RUBY_Qundef ((VALUE)RUBY_Qundef)        /* undefined value for placeholder */
                            ^
/Users/hatajunnosuke/.rbenv/versions/2.7.2/include/ruby-2.7.0/ruby/ruby.h:1558:63: error: 'filename' was marked unused but was used [-Werror,-Wused-but-marked-unused]
    rb_obj_written(a, RUBY_Qundef /* ignore `oldv' now */, b, filename, line);
                                                              ^
/Users/hatajunnosuke/.rbenv/versions/2.7.2/include/ruby-2.7.0/ruby/ruby.h:1558:73: error: 'line' was marked unused but was used [-Werror,-Wused-but-marked-unused]
    rb_obj_written(a, RUBY_Qundef /* ignore `oldv' now */, b, filename, line);
                                                                        ^
/Users/hatajunnosuke/.rbenv/versions/2.7.2/include/ruby-2.7.0/ruby/ruby.h:1635:9: error: disabled expansion of recursive macro [-Werror,-Wdisabled-macro-expansion]
    if (RB_TYPE_P(x, RUBY_T_STRING) && (RSTRING_LEN(x)>=1))
        ^
/Users/hatajunnosuke/.rbenv/versions/2.7.2/include/ruby-2.7.0/ruby/ruby.h:562:38: note: expanded from macro 'RB_TYPE_P'
        ((type) == RUBY_T_TRUE) ? ((obj) == RUBY_Qtrue) : \
                                            ^
/Users/hatajunnosuke/.rbenv/versions/2.7.2/include/ruby-2.7.0/ruby/ruby.h:464:29: note: expanded from macro 'RUBY_Qtrue'
#define RUBY_Qtrue  ((VALUE)RUBY_Qtrue)
                            ^
fatal error: too many errors emitted, stopping now [-ferror-limit=]
20 errors generated.
checked program was:
/* begin */
1: #include "ruby.h"
2: 
3: int main() {return 0;}
/* end */

"clang -o conftest -I/Users/hatajunnosuke/.rbenv/versions/2.7.2/include/ruby-2.7.0/arm64-darwin20 -I/Users/hatajunnosuke/.rbenv/versions/2.7.2/include/ruby-2.7.0/ruby/backward -I/Users/hatajunnosuke/.rbenv/versions/2.7.2/include/ruby-2.7.0 -I. -I/usr/local/Cellar/mysql/8.0.27/include/mysql -I/Users/hatajunnosuke/.rbenv/versions/2.7.2/include  -D_XOPEN_SOURCE -D_DARWIN_C_SOURCE -D_DARWIN_UNLIMITED_SELECT -D_REENTRANT   -O3 -ggdb3 -Wall -Wextra -Wdeprecated-declarations -Wdivision-by-zero -Wimplicit-function-declaration -Wimplicit-int -Wmisleading-indentation -Wpointer-arith -Wshorten-64-to-32 -Wwrite-strings -Wmissing-noreturn -Wno-constant-logical-operand -Wno-long-long -Wno-missing-field-initializers -Wno-overlength-strings -Wno-parentheses-equality -Wno-self-assign -Wno-tautological-compare -Wno-unused-parameter -Wno-unused-value -Wunused-variable -Wextra-tokens  -fno-common -pipe -DFULL_SSL_MODE_SUPPORT conftest.c  -L. -L/Users/hatajunnosuke/.rbenv/versions/2.7.2/lib -L/usr/local/opt/openssl@1.1/lib    -L/usr/local/Cellar/mysql/8.0.27/lib -lmysqlclient -lz -lzstd -lssl -lcrypto -lresolv  -lruby.2.7 -Werror -Wno-bad-function-cast  "
ld: warning: ignoring file /Users/hatajunnosuke/.rbenv/versions/2.7.2/lib/libruby.2.7.dylib, building for macOS-x86_64 but attempting to link with file built for macOS-arm64
checked program was:
/* begin */
1: #include "ruby.h"
2: 
3: int main() {return 0;}
/* end */

"clang -o conftest -I/Users/hatajunnosuke/.rbenv/versions/2.7.2/include/ruby-2.7.0/arm64-darwin20 -I/Users/hatajunnosuke/.rbenv/versions/2.7.2/include/ruby-2.7.0/ruby/backward -I/Users/hatajunnosuke/.rbenv/versions/2.7.2/include/ruby-2.7.0 -I. -I/usr/local/Cellar/mysql/8.0.27/include/mysql -I/Users/hatajunnosuke/.rbenv/versions/2.7.2/include  -D_XOPEN_SOURCE -D_DARWIN_C_SOURCE -D_DARWIN_UNLIMITED_SELECT -D_REENTRANT   -O3 -ggdb3 -Wall -Wextra -Wdeprecated-declarations -Wdivision-by-zero -Wimplicit-function-declaration -Wimplicit-int -Wmisleading-indentation -Wpointer-arith -Wshorten-64-to-32 -Wwrite-strings -Wmissing-noreturn -Wno-constant-logical-operand -Wno-long-long -Wno-missing-field-initializers -Wno-overlength-strings -Wno-parentheses-equality -Wno-self-assign -Wno-tautological-compare -Wno-unused-parameter -Wno-unused-value -Wunused-variable -Wextra-tokens  -fno-common -pipe -DFULL_SSL_MODE_SUPPORT conftest.c  -L. -L/Users/hatajunnosuke/.rbenv/versions/2.7.2/lib -L/usr/local/opt/openssl@1.1/lib    -L/usr/local/Cellar/mysql/8.0.27/lib -lmysqlclient -lz -lzstd -lssl -lcrypto -lresolv  -lruby.2.7 -Werror -Wno-conditional-uninitialized  "
ld: warning: ignoring file /Users/hatajunnosuke/.rbenv/versions/2.7.2/lib/libruby.2.7.dylib, building for macOS-x86_64 but attempting to link with file built for macOS-arm64
checked program was:
/* begin */
1: #include "ruby.h"
2: 
3: int main() {return 0;}
/* end */

"clang -o conftest -I/Users/hatajunnosuke/.rbenv/versions/2.7.2/include/ruby-2.7.0/arm64-darwin20 -I/Users/hatajunnosuke/.rbenv/versions/2.7.2/include/ruby-2.7.0/ruby/backward -I/Users/hatajunnosuke/.rbenv/versions/2.7.2/include/ruby-2.7.0 -I. -I/usr/local/Cellar/mysql/8.0.27/include/mysql -I/Users/hatajunnosuke/.rbenv/versions/2.7.2/include  -D_XOPEN_SOURCE -D_DARWIN_C_SOURCE -D_DARWIN_UNLIMITED_SELECT -D_REENTRANT   -O3 -ggdb3 -Wall -Wextra -Wdeprecated-declarations -Wdivision-by-zero -Wimplicit-function-declaration -Wimplicit-int -Wmisleading-indentation -Wpointer-arith -Wshorten-64-to-32 -Wwrite-strings -Wmissing-noreturn -Wno-constant-logical-operand -Wno-long-long -Wno-missing-field-initializers -Wno-overlength-strings -Wno-parentheses-equality -Wno-self-assign -Wno-tautological-compare -Wno-unused-parameter -Wno-unused-value -Wunused-variable -Wextra-tokens  -fno-common -pipe -DFULL_SSL_MODE_SUPPORT conftest.c  -L. -L/Users/hatajunnosuke/.rbenv/versions/2.7.2/lib -L/usr/local/opt/openssl@1.1/lib    -L/usr/local/Cellar/mysql/8.0.27/lib -lmysqlclient -lz -lzstd -lssl -lcrypto -lresolv  -lruby.2.7 -Werror -Wno-covered-switch-default  "
ld: warning: ignoring file /Users/hatajunnosuke/.rbenv/versions/2.7.2/lib/libruby.2.7.dylib, building for macOS-x86_64 but attempting to link with file built for macOS-arm64
checked program was:
/* begin */
1: #include "ruby.h"
2: 
3: int main() {return 0;}
/* end */

"clang -o conftest -I/Users/hatajunnosuke/.rbenv/versions/2.7.2/include/ruby-2.7.0/arm64-darwin20 -I/Users/hatajunnosuke/.rbenv/versions/2.7.2/include/ruby-2.7.0/ruby/backward -I/Users/hatajunnosuke/.rbenv/versions/2.7.2/include/ruby-2.7.0 -I. -I/usr/local/Cellar/mysql/8.0.27/include/mysql -I/Users/hatajunnosuke/.rbenv/versions/2.7.2/include  -D_XOPEN_SOURCE -D_DARWIN_C_SOURCE -D_DARWIN_UNLIMITED_SELECT -D_REENTRANT   -O3 -ggdb3 -Wall -Wextra -Wdeprecated-declarations -Wdivision-by-zero -Wimplicit-function-declaration -Wimplicit-int -Wmisleading-indentation -Wpointer-arith -Wshorten-64-to-32 -Wwrite-strings -Wmissing-noreturn -Wno-constant-logical-operand -Wno-long-long -Wno-missing-field-initializers -Wno-overlength-strings -Wno-parentheses-equality -Wno-self-assign -Wno-tautological-compare -Wno-unused-parameter -Wno-unused-value -Wunused-variable -Wextra-tokens  -fno-common -pipe -DFULL_SSL_MODE_SUPPORT conftest.c  -L. -L/Users/hatajunnosuke/.rbenv/versions/2.7.2/lib -L/usr/local/opt/openssl@1.1/lib    -L/usr/local/Cellar/mysql/8.0.27/lib -lmysqlclient -lz -lzstd -lssl -lcrypto -lresolv  -lruby.2.7 -Werror -Wno-declaration-after-statement  "
ld: warning: ignoring file /Users/hatajunnosuke/.rbenv/versions/2.7.2/lib/libruby.2.7.dylib, building for macOS-x86_64 but attempting to link with file built for macOS-arm64
checked program was:
/* begin */
1: #include "ruby.h"
2: 
3: int main() {return 0;}
/* end */

"clang -o conftest -I/Users/hatajunnosuke/.rbenv/versions/2.7.2/include/ruby-2.7.0/arm64-darwin20 -I/Users/hatajunnosuke/.rbenv/versions/2.7.2/include/ruby-2.7.0/ruby/backward -I/Users/hatajunnosuke/.rbenv/versions/2.7.2/include/ruby-2.7.0 -I. -I/usr/local/Cellar/mysql/8.0.27/include/mysql -I/Users/hatajunnosuke/.rbenv/versions/2.7.2/include  -D_XOPEN_SOURCE -D_DARWIN_C_SOURCE -D_DARWIN_UNLIMITED_SELECT -D_REENTRANT   -O3 -ggdb3 -Wall -Wextra -Wdeprecated-declarations -Wdivision-by-zero -Wimplicit-function-declaration -Wimplicit-int -Wmisleading-indentation -Wpointer-arith -Wshorten-64-to-32 -Wwrite-strings -Wmissing-noreturn -Wno-constant-logical-operand -Wno-long-long -Wno-missing-field-initializers -Wno-overlength-strings -Wno-parentheses-equality -Wno-self-assign -Wno-tautological-compare -Wno-unused-parameter -Wno-unused-value -Wunused-variable -Wextra-tokens  -fno-common -pipe -DFULL_SSL_MODE_SUPPORT conftest.c  -L. -L/Users/hatajunnosuke/.rbenv/versions/2.7.2/lib -L/usr/local/opt/openssl@1.1/lib    -L/usr/local/Cellar/mysql/8.0.27/lib -lmysqlclient -lz -lzstd -lssl -lcrypto -lresolv  -lruby.2.7 -Werror -Wno-disabled-macro-expansion  "
ld: warning: ignoring file /Users/hatajunnosuke/.rbenv/versions/2.7.2/lib/libruby.2.7.dylib, building for macOS-x86_64 but attempting to link with file built for macOS-arm64
checked program was:
/* begin */
1: #include "ruby.h"
2: 
3: int main() {return 0;}
/* end */

"clang -o conftest -I/Users/hatajunnosuke/.rbenv/versions/2.7.2/include/ruby-2.7.0/arm64-darwin20 -I/Users/hatajunnosuke/.rbenv/versions/2.7.2/include/ruby-2.7.0/ruby/backward -I/Users/hatajunnosuke/.rbenv/versions/2.7.2/include/ruby-2.7.0 -I. -I/usr/local/Cellar/mysql/8.0.27/include/mysql -I/Users/hatajunnosuke/.rbenv/versions/2.7.2/include  -D_XOPEN_SOURCE -D_DARWIN_C_SOURCE -D_DARWIN_UNLIMITED_SELECT -D_REENTRANT   -O3 -ggdb3 -Wall -Wextra -Wdeprecated-declarations -Wdivision-by-zero -Wimplicit-function-declaration -Wimplicit-int -Wmisleading-indentation -Wpointer-arith -Wshorten-64-to-32 -Wwrite-strings -Wmissing-noreturn -Wno-constant-logical-operand -Wno-long-long -Wno-missing-field-initializers -Wno-overlength-strings -Wno-parentheses-equality -Wno-self-assign -Wno-tautological-compare -Wno-unused-parameter -Wno-unused-value -Wunused-variable -Wextra-tokens  -fno-common -pipe -DFULL_SSL_MODE_SUPPORT conftest.c  -L. -L/Users/hatajunnosuke/.rbenv/versions/2.7.2/lib -L/usr/local/opt/openssl@1.1/lib    -L/usr/local/Cellar/mysql/8.0.27/lib -lmysqlclient -lz -lzstd -lssl -lcrypto -lresolv  -lruby.2.7 -Werror -Wno-documentation-unknown-command  "
ld: warning: ignoring file /Users/hatajunnosuke/.rbenv/versions/2.7.2/lib/libruby.2.7.dylib, building for macOS-x86_64 but attempting to link with file built for macOS-arm64
checked program was:
/* begin */
1: #include "ruby.h"
2: 
3: int main() {return 0;}
/* end */

"clang -o conftest -I/Users/hatajunnosuke/.rbenv/versions/2.7.2/include/ruby-2.7.0/arm64-darwin20 -I/Users/hatajunnosuke/.rbenv/versions/2.7.2/include/ruby-2.7.0/ruby/backward -I/Users/hatajunnosuke/.rbenv/versions/2.7.2/include/ruby-2.7.0 -I. -I/usr/local/Cellar/mysql/8.0.27/include/mysql -I/Users/hatajunnosuke/.rbenv/versions/2.7.2/include  -D_XOPEN_SOURCE -D_DARWIN_C_SOURCE -D_DARWIN_UNLIMITED_SELECT -D_REENTRANT   -O3 -ggdb3 -Wall -Wextra -Wdeprecated-declarations -Wdivision-by-zero -Wimplicit-function-declaration -Wimplicit-int -Wmisleading-indentation -Wpointer-arith -Wshorten-64-to-32 -Wwrite-strings -Wmissing-noreturn -Wno-constant-logical-operand -Wno-long-long -Wno-missing-field-initializers -Wno-overlength-strings -Wno-parentheses-equality -Wno-self-assign -Wno-tautological-compare -Wno-unused-parameter -Wno-unused-value -Wunused-variable -Wextra-tokens  -fno-common -pipe -DFULL_SSL_MODE_SUPPORT conftest.c  -L. -L/Users/hatajunnosuke/.rbenv/versions/2.7.2/lib -L/usr/local/opt/openssl@1.1/lib    -L/usr/local/Cellar/mysql/8.0.27/lib -lmysqlclient -lz -lzstd -lssl -lcrypto -lresolv  -lruby.2.7 -Werror -Wno-missing-field-initializers  "
ld: warning: ignoring file /Users/hatajunnosuke/.rbenv/versions/2.7.2/lib/libruby.2.7.dylib, building for macOS-x86_64 but attempting to link with file built for macOS-arm64
checked program was:
/* begin */
1: #include "ruby.h"
2: 
3: int main() {return 0;}
/* end */

"clang -o conftest -I/Users/hatajunnosuke/.rbenv/versions/2.7.2/include/ruby-2.7.0/arm64-darwin20 -I/Users/hatajunnosuke/.rbenv/versions/2.7.2/include/ruby-2.7.0/ruby/backward -I/Users/hatajunnosuke/.rbenv/versions/2.7.2/include/ruby-2.7.0 -I. -I/usr/local/Cellar/mysql/8.0.27/include/mysql -I/Users/hatajunnosuke/.rbenv/versions/2.7.2/include  -D_XOPEN_SOURCE -D_DARWIN_C_SOURCE -D_DARWIN_UNLIMITED_SELECT -D_REENTRANT   -O3 -ggdb3 -Wall -Wextra -Wdeprecated-declarations -Wdivision-by-zero -Wimplicit-function-declaration -Wimplicit-int -Wmisleading-indentation -Wpointer-arith -Wshorten-64-to-32 -Wwrite-strings -Wmissing-noreturn -Wno-constant-logical-operand -Wno-long-long -Wno-missing-field-initializers -Wno-overlength-strings -Wno-parentheses-equality -Wno-self-assign -Wno-tautological-compare -Wno-unused-parameter -Wno-unused-value -Wunused-variable -Wextra-tokens  -fno-common -pipe -DFULL_SSL_MODE_SUPPORT conftest.c  -L. -L/Users/hatajunnosuke/.rbenv/versions/2.7.2/lib -L/usr/local/opt/openssl@1.1/lib    -L/usr/local/Cellar/mysql/8.0.27/lib -lmysqlclient -lz -lzstd -lssl -lcrypto -lresolv  -lruby.2.7 -Werror -Wno-missing-variable-declarations  "
ld: warning: ignoring file /Users/hatajunnosuke/.rbenv/versions/2.7.2/lib/libruby.2.7.dylib, building for macOS-x86_64 but attempting to link with file built for macOS-arm64
checked program was:
/* begin */
1: #include "ruby.h"
2: 
3: int main() {return 0;}
/* end */

"clang -o conftest -I/Users/hatajunnosuke/.rbenv/versions/2.7.2/include/ruby-2.7.0/arm64-darwin20 -I/Users/hatajunnosuke/.rbenv/versions/2.7.2/include/ruby-2.7.0/ruby/backward -I/Users/hatajunnosuke/.rbenv/versions/2.7.2/include/ruby-2.7.0 -I. -I/usr/local/Cellar/mysql/8.0.27/include/mysql -I/Users/hatajunnosuke/.rbenv/versions/2.7.2/include  -D_XOPEN_SOURCE -D_DARWIN_C_SOURCE -D_DARWIN_UNLIMITED_SELECT -D_REENTRANT   -O3 -ggdb3 -Wall -Wextra -Wdeprecated-declarations -Wdivision-by-zero -Wimplicit-function-declaration -Wimplicit-int -Wmisleading-indentation -Wpointer-arith -Wshorten-64-to-32 -Wwrite-strings -Wmissing-noreturn -Wno-constant-logical-operand -Wno-long-long -Wno-missing-field-initializers -Wno-overlength-strings -Wno-parentheses-equality -Wno-self-assign -Wno-tautological-compare -Wno-unused-parameter -Wno-unused-value -Wunused-variable -Wextra-tokens  -fno-common -pipe -DFULL_SSL_MODE_SUPPORT conftest.c  -L. -L/Users/hatajunnosuke/.rbenv/versions/2.7.2/lib -L/usr/local/opt/openssl@1.1/lib    -L/usr/local/Cellar/mysql/8.0.27/lib -lmysqlclient -lz -lzstd -lssl -lcrypto -lresolv  -lruby.2.7 -Werror -Wno-padded  "
ld: warning: ignoring file /Users/hatajunnosuke/.rbenv/versions/2.7.2/lib/libruby.2.7.dylib, building for macOS-x86_64 but attempting to link with file built for macOS-arm64
checked program was:
/* begin */
1: #include "ruby.h"
2: 
3: int main() {return 0;}
/* end */

"clang -o conftest -I/Users/hatajunnosuke/.rbenv/versions/2.7.2/include/ruby-2.7.0/arm64-darwin20 -I/Users/hatajunnosuke/.rbenv/versions/2.7.2/include/ruby-2.7.0/ruby/backward -I/Users/hatajunnosuke/.rbenv/versions/2.7.2/include/ruby-2.7.0 -I. -I/usr/local/Cellar/mysql/8.0.27/include/mysql -I/Users/hatajunnosuke/.rbenv/versions/2.7.2/include  -D_XOPEN_SOURCE -D_DARWIN_C_SOURCE -D_DARWIN_UNLIMITED_SELECT -D_REENTRANT   -O3 -ggdb3 -Wall -Wextra -Wdeprecated-declarations -Wdivision-by-zero -Wimplicit-function-declaration -Wimplicit-int -Wmisleading-indentation -Wpointer-arith -Wshorten-64-to-32 -Wwrite-strings -Wmissing-noreturn -Wno-constant-logical-operand -Wno-long-long -Wno-missing-field-initializers -Wno-overlength-strings -Wno-parentheses-equality -Wno-self-assign -Wno-tautological-compare -Wno-unused-parameter -Wno-unused-value -Wunused-variable -Wextra-tokens  -fno-common -pipe -DFULL_SSL_MODE_SUPPORT conftest.c  -L. -L/Users/hatajunnosuke/.rbenv/versions/2.7.2/lib -L/usr/local/opt/openssl@1.1/lib    -L/usr/local/Cellar/mysql/8.0.27/lib -lmysqlclient -lz -lzstd -lssl -lcrypto -lresolv  -lruby.2.7 -Werror -Wno-reserved-id-macro  "
ld: warning: ignoring file /Users/hatajunnosuke/.rbenv/versions/2.7.2/lib/libruby.2.7.dylib, building for macOS-x86_64 but attempting to link with file built for macOS-arm64
checked program was:
/* begin */
1: #include "ruby.h"
2: 
3: int main() {return 0;}
/* end */

"clang -o conftest -I/Users/hatajunnosuke/.rbenv/versions/2.7.2/include/ruby-2.7.0/arm64-darwin20 -I/Users/hatajunnosuke/.rbenv/versions/2.7.2/include/ruby-2.7.0/ruby/backward -I/Users/hatajunnosuke/.rbenv/versions/2.7.2/include/ruby-2.7.0 -I. -I/usr/local/Cellar/mysql/8.0.27/include/mysql -I/Users/hatajunnosuke/.rbenv/versions/2.7.2/include  -D_XOPEN_SOURCE -D_DARWIN_C_SOURCE -D_DARWIN_UNLIMITED_SELECT -D_REENTRANT   -O3 -ggdb3 -Wall -Wextra -Wdeprecated-declarations -Wdivision-by-zero -Wimplicit-function-declaration -Wimplicit-int -Wmisleading-indentation -Wpointer-arith -Wshorten-64-to-32 -Wwrite-strings -Wmissing-noreturn -Wno-constant-logical-operand -Wno-long-long -Wno-missing-field-initializers -Wno-overlength-strings -Wno-parentheses-equality -Wno-self-assign -Wno-tautological-compare -Wno-unused-parameter -Wno-unused-value -Wunused-variable -Wextra-tokens  -fno-common -pipe -DFULL_SSL_MODE_SUPPORT conftest.c  -L. -L/Users/hatajunnosuke/.rbenv/versions/2.7.2/lib -L/usr/local/opt/openssl@1.1/lib    -L/usr/local/Cellar/mysql/8.0.27/lib -lmysqlclient -lz -lzstd -lssl -lcrypto -lresolv  -lruby.2.7 -Werror -Wno-sign-conversion  "
ld: warning: ignoring file /Users/hatajunnosuke/.rbenv/versions/2.7.2/lib/libruby.2.7.dylib, building for macOS-x86_64 but attempting to link with file built for macOS-arm64
checked program was:
/* begin */
1: #include "ruby.h"
2: 
3: int main() {return 0;}
/* end */

"clang -o conftest -I/Users/hatajunnosuke/.rbenv/versions/2.7.2/include/ruby-2.7.0/arm64-darwin20 -I/Users/hatajunnosuke/.rbenv/versions/2.7.2/include/ruby-2.7.0/ruby/backward -I/Users/hatajunnosuke/.rbenv/versions/2.7.2/include/ruby-2.7.0 -I. -I/usr/local/Cellar/mysql/8.0.27/include/mysql -I/Users/hatajunnosuke/.rbenv/versions/2.7.2/include  -D_XOPEN_SOURCE -D_DARWIN_C_SOURCE -D_DARWIN_UNLIMITED_SELECT -D_REENTRANT   -O3 -ggdb3 -Wall -Wextra -Wdeprecated-declarations -Wdivision-by-zero -Wimplicit-function-declaration -Wimplicit-int -Wmisleading-indentation -Wpointer-arith -Wshorten-64-to-32 -Wwrite-strings -Wmissing-noreturn -Wno-constant-logical-operand -Wno-long-long -Wno-missing-field-initializers -Wno-overlength-strings -Wno-parentheses-equality -Wno-self-assign -Wno-tautological-compare -Wno-unused-parameter -Wno-unused-value -Wunused-variable -Wextra-tokens  -fno-common -pipe -DFULL_SSL_MODE_SUPPORT conftest.c  -L. -L/Users/hatajunnosuke/.rbenv/versions/2.7.2/lib -L/usr/local/opt/openssl@1.1/lib    -L/usr/local/Cellar/mysql/8.0.27/lib -lmysqlclient -lz -lzstd -lssl -lcrypto -lresolv  -lruby.2.7 -Werror -Wno-static-in-inline  "
ld: warning: ignoring file /Users/hatajunnosuke/.rbenv/versions/2.7.2/lib/libruby.2.7.dylib, building for macOS-x86_64 but attempting to link with file built for macOS-arm64
checked program was:
/* begin */
1: #include "ruby.h"
2: 
3: int main() {return 0;}
/* end */

"clang -o conftest -I/Users/hatajunnosuke/.rbenv/versions/2.7.2/include/ruby-2.7.0/arm64-darwin20 -I/Users/hatajunnosuke/.rbenv/versions/2.7.2/include/ruby-2.7.0/ruby/backward -I/Users/hatajunnosuke/.rbenv/versions/2.7.2/include/ruby-2.7.0 -I. -I/usr/local/Cellar/mysql/8.0.27/include/mysql -I/Users/hatajunnosuke/.rbenv/versions/2.7.2/include  -D_XOPEN_SOURCE -D_DARWIN_C_SOURCE -D_DARWIN_UNLIMITED_SELECT -D_REENTRANT   -O3 -ggdb3 -Wall -Wextra -Wdeprecated-declarations -Wdivision-by-zero -Wimplicit-function-declaration -Wimplicit-int -Wmisleading-indentation -Wpointer-arith -Wshorten-64-to-32 -Wwrite-strings -Wmissing-noreturn -Wno-constant-logical-operand -Wno-long-long -Wno-missing-field-initializers -Wno-overlength-strings -Wno-parentheses-equality -Wno-self-assign -Wno-tautological-compare -Wno-unused-parameter -Wno-unused-value -Wunused-variable -Wextra-tokens  -fno-common -pipe -DFULL_SSL_MODE_SUPPORT conftest.c  -L. -L/Users/hatajunnosuke/.rbenv/versions/2.7.2/lib -L/usr/local/opt/openssl@1.1/lib    -L/usr/local/Cellar/mysql/8.0.27/lib -lmysqlclient -lz -lzstd -lssl -lcrypto -lresolv  -lruby.2.7 -Werror -Wno-switch-enum  "
ld: warning: ignoring file /Users/hatajunnosuke/.rbenv/versions/2.7.2/lib/libruby.2.7.dylib, building for macOS-x86_64 but attempting to link with file built for macOS-arm64
checked program was:
/* begin */
1: #include "ruby.h"
2: 
3: int main() {return 0;}
/* end */

"clang -o conftest -I/Users/hatajunnosuke/.rbenv/versions/2.7.2/include/ruby-2.7.0/arm64-darwin20 -I/Users/hatajunnosuke/.rbenv/versions/2.7.2/include/ruby-2.7.0/ruby/backward -I/Users/hatajunnosuke/.rbenv/versions/2.7.2/include/ruby-2.7.0 -I. -I/usr/local/Cellar/mysql/8.0.27/include/mysql -I/Users/hatajunnosuke/.rbenv/versions/2.7.2/include  -D_XOPEN_SOURCE -D_DARWIN_C_SOURCE -D_DARWIN_UNLIMITED_SELECT -D_REENTRANT   -O3 -ggdb3 -Wall -Wextra -Wdeprecated-declarations -Wdivision-by-zero -Wimplicit-function-declaration -Wimplicit-int -Wmisleading-indentation -Wpointer-arith -Wshorten-64-to-32 -Wwrite-strings -Wmissing-noreturn -Wno-constant-logical-operand -Wno-long-long -Wno-missing-field-initializers -Wno-overlength-strings -Wno-parentheses-equality -Wno-self-assign -Wno-tautological-compare -Wno-unused-parameter -Wno-unused-value -Wunused-variable -Wextra-tokens  -fno-common -pipe -DFULL_SSL_MODE_SUPPORT conftest.c  -L. -L/Users/hatajunnosuke/.rbenv/versions/2.7.2/lib -L/usr/local/opt/openssl@1.1/lib    -L/usr/local/Cellar/mysql/8.0.27/lib -lmysqlclient -lz -lzstd -lssl -lcrypto -lresolv  -lruby.2.7 -Werror -Wno-undef  "
ld: warning: ignoring file /Users/hatajunnosuke/.rbenv/versions/2.7.2/lib/libruby.2.7.dylib, building for macOS-x86_64 but attempting to link with file built for macOS-arm64
checked program was:
/* begin */
1: #include "ruby.h"
2: 
3: int main() {return 0;}
/* end */

"clang -o conftest -I/Users/hatajunnosuke/.rbenv/versions/2.7.2/include/ruby-2.7.0/arm64-darwin20 -I/Users/hatajunnosuke/.rbenv/versions/2.7.2/include/ruby-2.7.0/ruby/backward -I/Users/hatajunnosuke/.rbenv/versions/2.7.2/include/ruby-2.7.0 -I. -I/usr/local/Cellar/mysql/8.0.27/include/mysql -I/Users/hatajunnosuke/.rbenv/versions/2.7.2/include  -D_XOPEN_SOURCE -D_DARWIN_C_SOURCE -D_DARWIN_UNLIMITED_SELECT -D_REENTRANT   -O3 -ggdb3 -Wall -Wextra -Wdeprecated-declarations -Wdivision-by-zero -Wimplicit-function-declaration -Wimplicit-int -Wmisleading-indentation -Wpointer-arith -Wshorten-64-to-32 -Wwrite-strings -Wmissing-noreturn -Wno-constant-logical-operand -Wno-long-long -Wno-missing-field-initializers -Wno-overlength-strings -Wno-parentheses-equality -Wno-self-assign -Wno-tautological-compare -Wno-unused-parameter -Wno-unused-value -Wunused-variable -Wextra-tokens  -fno-common -pipe -DFULL_SSL_MODE_SUPPORT conftest.c  -L. -L/Users/hatajunnosuke/.rbenv/versions/2.7.2/lib -L/usr/local/opt/openssl@1.1/lib    -L/usr/local/Cellar/mysql/8.0.27/lib -lmysqlclient -lz -lzstd -lssl -lcrypto -lresolv  -lruby.2.7 -Werror -Wno-unreachable-code  "
ld: warning: ignoring file /Users/hatajunnosuke/.rbenv/versions/2.7.2/lib/libruby.2.7.dylib, building for macOS-x86_64 but attempting to link with file built for macOS-arm64
checked program was:
/* begin */
1: #include "ruby.h"
2: 
3: int main() {return 0;}
/* end */

"clang -o conftest -I/Users/hatajunnosuke/.rbenv/versions/2.7.2/include/ruby-2.7.0/arm64-darwin20 -I/Users/hatajunnosuke/.rbenv/versions/2.7.2/include/ruby-2.7.0/ruby/backward -I/Users/hatajunnosuke/.rbenv/versions/2.7.2/include/ruby-2.7.0 -I. -I/usr/local/Cellar/mysql/8.0.27/include/mysql -I/Users/hatajunnosuke/.rbenv/versions/2.7.2/include  -D_XOPEN_SOURCE -D_DARWIN_C_SOURCE -D_DARWIN_UNLIMITED_SELECT -D_REENTRANT   -O3 -ggdb3 -Wall -Wextra -Wdeprecated-declarations -Wdivision-by-zero -Wimplicit-function-declaration -Wimplicit-int -Wmisleading-indentation -Wpointer-arith -Wshorten-64-to-32 -Wwrite-strings -Wmissing-noreturn -Wno-constant-logical-operand -Wno-long-long -Wno-missing-field-initializers -Wno-overlength-strings -Wno-parentheses-equality -Wno-self-assign -Wno-tautological-compare -Wno-unused-parameter -Wno-unused-value -Wunused-variable -Wextra-tokens  -fno-common -pipe -DFULL_SSL_MODE_SUPPORT conftest.c  -L. -L/Users/hatajunnosuke/.rbenv/versions/2.7.2/lib -L/usr/local/opt/openssl@1.1/lib    -L/usr/local/Cellar/mysql/8.0.27/lib -lmysqlclient -lz -lzstd -lssl -lcrypto -lresolv  -lruby.2.7 -Werror -Wno-used-but-marked-unused  "
ld: warning: ignoring file /Users/hatajunnosuke/.rbenv/versions/2.7.2/lib/libruby.2.7.dylib, building for macOS-x86_64 but attempting to link with file built for macOS-arm64
checked program was:
/* begin */
1: #include "ruby.h"
2: 
3: int main() {return 0;}
/* end */

"clang -o conftest -I/Users/hatajunnosuke/.rbenv/versions/2.7.2/include/ruby-2.7.0/arm64-darwin20 -I/Users/hatajunnosuke/.rbenv/versions/2.7.2/include/ruby-2.7.0/ruby/backward -I/Users/hatajunnosuke/.rbenv/versions/2.7.2/include/ruby-2.7.0 -I. -I/usr/local/Cellar/mysql/8.0.27/include/mysql -I/Users/hatajunnosuke/.rbenv/versions/2.7.2/include  -D_XOPEN_SOURCE -D_DARWIN_C_SOURCE -D_DARWIN_UNLIMITED_SELECT -D_REENTRANT   -O3 -ggdb3 -Wall -Wextra -Wdeprecated-declarations -Wdivision-by-zero -Wimplicit-function-declaration -Wimplicit-int -Wmisleading-indentation -Wpointer-arith -Wshorten-64-to-32 -Wwrite-strings -Wmissing-noreturn -Wno-constant-logical-operand -Wno-long-long -Wno-missing-field-initializers -Wno-overlength-strings -Wno-parentheses-equality -Wno-self-assign -Wno-tautological-compare -Wno-unused-parameter -Wno-unused-value -Wunused-variable -Wextra-tokens  -fno-common -pipe -DFULL_SSL_MODE_SUPPORT -Wno-bad-function-cast -Wno-conditional-uninitialized -Wno-covered-switch-default -Wno-declaration-after-statement -Wno-disabled-macro-expansion -Wno-documentation-unknown-command -Wno-missing-field-initializers -Wno-missing-variable-declarations -Wno-padded -Wno-reserved-id-macro -Wno-sign-conversion -Wno-static-in-inline -Wno-switch-enum -Wno-undef -Wno-unreachable-code -Wno-used-but-marked-unused conftest.c  -L. -L/Users/hatajunnosuke/.rbenv/versions/2.7.2/lib -L/usr/local/opt/openssl@1.1/lib    -L/usr/local/Cellar/mysql/8.0.27/lib -lmysqlclient -lz -lzstd -lssl -lcrypto -lresolv  -lruby.2.7  -Wl,-rpath,/usr/local/Cellar/mysql/8.0.27/lib  "
ld: warning: ignoring file /Users/hatajunnosuke/.rbenv/versions/2.7.2/lib/libruby.2.7.dylib, building for macOS-x86_64 but attempting to link with file built for macOS-arm64
checked program was:
/* begin */
1: #include "ruby.h"
2: 
3: int main() {return 0;}
/* end */

